#
# A fatal error has been detected by the Java Runtime Environment:
#
#  EXCEPTION_ACCESS_VIOLATION (0xc0000005) at pc=0x00000000600c9535, pid=9888, tid=15188
#
# JRE version: Java(TM) SE Runtime Environment (8.0_20-b26) (build 1.8.0_20-b26)
# Java VM: Java HotSpot(TM) 64-Bit Server VM (25.20-b23 mixed mode windows-amd64 compressed oops)
# Problematic frame:
# V  [jvm.dll+0x119535]
#
# Failed to write core dump. Minidumps are not enabled by default on client versions of Windows
#
# If you would like to submit a bug report, please visit:
#   http://bugreport.sun.com/bugreport/crash.jsp
#

---------------  T H R E A D  ---------------

Current thread (0x00000000588bc800):  JavaThread "JDWP Transport Listener: dt_socket" daemon [_thread_in_vm, id=15188, stack(0x00000000593a0000,0x00000000594a0000)]

siginfo: ExceptionCode=0xc0000005, reading address 0xffffffffffffffff

Registers:
RAX=0x000000005949f201, RBX=0x00000000588bc800, RCX=0x74633b79726f7463, RDX=0x0000000000000000
RSP=0x000000005949f240, RBP=0x74633b79726f7463, RSI=0x000000005949f358, RDI=0x00000000024c8c20
R8 =0x00000000588bc800, R9 =0x0000000000000700, R10=0x0000000000000000, R11=0x00009970015c0001
R12=0x0000000000000000, R13=0x00000000588c4158, R14=0x0000000000000000, R15=0x0000000000000000
RIP=0x00000000600c9535, EFLAGS=0x0000000000010206

Top of Stack: (sp=0x000000005949f240)
0x000000005949f240:   00000000588bc800 00000000588bc800
0x000000005949f250:   000000005949f308 00000000602c655b
0x000000005949f260:   00000000588bc800 00000000602e2dbd
0x000000005949f270:   0000000000000000 0000000060d49149
0x000000005949f280:   0000000058c71100 0000000060d52912
0x000000005949f290:   00000000588bc800 0000000000000000
0x000000005949f2a0:   0000000000000000 0000000000000000
0x000000005949f2b0:   74633b79726f7463 0000000060d51a09
0x000000005949f2c0:   000000005949f358 000000005949f330
0x000000005949f2d0:   0000000000000001 0000000058c71100
0x000000005949f2e0:   74633b79726f7463 0000000060d353b3
0x000000005949f2f0:   000000005949f420 0000000000000001
0x000000005949f300:   0000000000000001 0000000058c71100
0x000000005949f310:   0000000000000009 0000000000000000
0x000000005949f320:   0000000000000000 0000000000000000
0x000000005949f330:   0000000000000001 0000000060d35571 

Instructions: (pc=0x00000000600c9535)
0x00000000600c9515:   cc cc cc cc cc cc cc cc cc cc cc 48 83 ec 28 48
0x00000000600c9525:   85 c9 75 07 33 c0 48 83 c4 28 c3 48 89 5c 24 20
0x00000000600c9535:   48 8b 19 48 85 db 74 20 48 83 fb 37 74 1a 48 8b
0x00000000600c9545:   13 48 8b cb ff 52 10 84 c0 74 0d 48 8b c3 48 8b 


Register to memory mapping:

RAX=0x000000005949f201 is pointing into the stack for thread: 0x00000000588bc800
RBX=0x00000000588bc800 is a thread
RCX=0x74633b79726f7463 is an unknown value
RDX=0x0000000000000000 is an unknown value
RSP=0x000000005949f240 is pointing into the stack for thread: 0x00000000588bc800
RBP=0x74633b79726f7463 is an unknown value
RSI=0x000000005949f358 is pointing into the stack for thread: 0x00000000588bc800
RDI=0x00000000024c8c20 is an unknown value
R8 =0x00000000588bc800 is a thread
R9 =0x0000000000000700 is an unknown value
R10=0x0000000000000000 is an unknown value
R11=0x00009970015c0001 is an unknown value
R12=0x0000000000000000 is an unknown value
R13=0x00000000588c4158 is an unknown value
R14=0x0000000000000000 is an unknown value
R15=0x0000000000000000 is an unknown value


Stack: [0x00000000593a0000,0x00000000594a0000],  sp=0x000000005949f240,  free space=1020k
Native frames: (J=compiled Java code, j=interpreted, Vv=VM code, C=native code)
V  [jvm.dll+0x119535]
V  [jvm.dll+0x332dbd]
C  [jdwp.dll+0x21a09]
C  [jdwp.dll+0x53b3]
C  [jdwp.dll+0x5571]
C  [jdwp.dll+0xf09c]
C  [jdwp.dll+0x1f2c9]
C  [jdwp.dll+0x1f49e]
V  [jvm.dll+0x1aaa18]
V  [jvm.dll+0x22aac4]
V  [jvm.dll+0x283f5a]
C  [msvcr100.dll+0x21d9f]
C  [msvcr100.dll+0x21e3b]
C  [kernel32.dll+0x159cd]
C  [ntdll.dll+0x5383d]


---------------  P R O C E S S  ---------------

Java Threads: ( => current thread )
  0x00000000588e7800 JavaThread "Service Thread" daemon [_thread_blocked, id=17176, stack(0x0000000059d00000,0x0000000059e00000)]
  0x00000000588e2800 JavaThread "C1 CompilerThread2" daemon [_thread_blocked, id=10668, stack(0x0000000059aa0000,0x0000000059ba0000)]
  0x00000000588e1800 JavaThread "C2 CompilerThread1" daemon [_thread_blocked, id=12956, stack(0x0000000059880000,0x0000000059980000)]
  0x00000000588de800 JavaThread "C2 CompilerThread0" daemon [_thread_blocked, id=16952, stack(0x0000000058eb0000,0x0000000058fb0000)]
  0x00000000588cd800 JavaThread "JDWP Command Reader" daemon [_thread_in_native, id=16164, stack(0x0000000059700000,0x0000000059800000)]
  0x00000000588c8000 JavaThread "JDWP Event Helper Thread" daemon [_thread_blocked, id=16616, stack(0x0000000059510000,0x0000000059610000)]
=>0x00000000588bc800 JavaThread "JDWP Transport Listener: dt_socket" daemon [_thread_in_vm, id=15188, stack(0x00000000593a0000,0x00000000594a0000)]
  0x00000000588b5000 JavaThread "Attach Listener" daemon [_thread_blocked, id=17304, stack(0x0000000058fb0000,0x00000000590b0000)]
  0x000000005738f000 JavaThread "Signal Dispatcher" daemon [_thread_blocked, id=17092, stack(0x0000000058da0000,0x0000000058ea0000)]
  0x0000000057325800 JavaThread "Finalizer" daemon [_thread_blocked, id=17364, stack(0x00000000587a0000,0x00000000588a0000)]
  0x000000005731c800 JavaThread "Reference Handler" daemon [_thread_blocked, id=13696, stack(0x00000000585a0000,0x00000000586a0000)]
  0x000000000231b000 JavaThread "main" [_thread_blocked, id=14908, stack(0x0000000002770000,0x0000000002870000)]

Other Threads:
  0x0000000057318800 VMThread [stack: 0x0000000058430000,0x0000000058530000] [id=9788]
  0x000000005893b800 WatcherThread [stack: 0x0000000059ea0000,0x0000000059fa0000] [id=13384]

VM state:not at safepoint (normal execution)

VM Mutex/Monitor currently owned by a thread: None

Heap:
 PSYoungGen      total 38400K, used 15283K [0x00000000d5d80000, 0x00000000d8800000, 0x0000000100000000)
  eden space 33280K, 45% used [0x00000000d5d80000,0x00000000d6c6ccf0,0x00000000d7e00000)
  from space 5120K, 0% used [0x00000000d8300000,0x00000000d8300000,0x00000000d8800000)
  to   space 5120K, 0% used [0x00000000d7e00000,0x00000000d7e00000,0x00000000d8300000)
 ParOldGen       total 87552K, used 0K [0x0000000081800000, 0x0000000086d80000, 0x00000000d5d80000)
  object space 87552K, 0% used [0x0000000081800000,0x0000000081800000,0x0000000086d80000)
 Metaspace       used 5595K, capacity 5706K, committed 5760K, reserved 1056768K
  class space    used 611K, capacity 625K, committed 640K, reserved 1048576K

Card table byte_map: [0x0000000011c30000,0x0000000012030000] byte_map_base: 0x0000000011824000

Marking Bits: (ParMarkBitMap*) 0x000000006078b460
 Begin Bits: [0x0000000012650000, 0x00000000145f0000)
 End Bits:   [0x00000000145f0000, 0x0000000016590000)

Polling page: 0x0000000000220000

CodeCache: size=245760Kb used=1759Kb max_used=1759Kb free=244000Kb
 bounds [0x0000000002870000, 0x0000000002ae0000, 0x0000000011870000]
 total_blobs=567 nmethods=293 adapters=196
 compilation: enabled

Compilation events (10 events):
Event: 0.718 Thread 0x00000000588e2800  288       3       java.nio.charset.CharsetEncoder::reset (11 bytes)
Event: 0.719 Thread 0x00000000588e2800 nmethod 288 0x0000000002a21890 code [0x0000000002a219e0, 0x0000000002a21c10]
Event: 0.719 Thread 0x00000000588e2800  289       3       java.nio.charset.CharsetEncoder::implReset (1 bytes)
Event: 0.719 Thread 0x00000000588e2800 nmethod 289 0x0000000002a25990 code [0x0000000002a25ae0, 0x0000000002a25c30]
Event: 0.719 Thread 0x00000000588e2800  290       3       java.util.zip.ZipFile::ensureOpen (37 bytes)
Event: 0.719 Thread 0x00000000588e2800 nmethod 290 0x0000000002a253d0 code [0x0000000002a25560, 0x0000000002a25858]
Event: 0.719 Thread 0x00000000588e2800  291       3       java.util.zip.ZipCoder::getBytes (192 bytes)
Event: 0.721 Thread 0x00000000588e2800 nmethod 291 0x0000000002a25c90 code [0x0000000002a26060, 0x0000000002a28298]
Event: 0.721 Thread 0x00000000588e2800  292       3       java.util.zip.ZipCoder::encoder (35 bytes)
Event: 0.722 Thread 0x00000000588e2800 nmethod 292 0x0000000002a24650 code [0x0000000002a247e0, 0x0000000002a24e28]

GC Heap History (0 events):
No events

Deoptimization events (0 events):
No events

Internal exceptions (10 events):
Event: 0.479 Thread 0x000000000231b000 Exception <a 'java/security/PrivilegedActionException'> (0x00000000d677cae0) thrown at [D:\re\workspace\8-2-build-windows-amd64-cygwin\jdk8u20\1074\hotspot\src\share\vm\prims\jvm.cpp, line 1275]
Event: 0.660 Thread 0x000000000231b000 Exception <a 'java/security/PrivilegedActionException'> (0x00000000d69d3470) thrown at [D:\re\workspace\8-2-build-windows-amd64-cygwin\jdk8u20\1074\hotspot\src\share\vm\prims\jvm.cpp, line 1275]
Event: 0.661 Thread 0x000000000231b000 Exception <a 'java/security/PrivilegedActionException'> (0x00000000d69d8ed0) thrown at [D:\re\workspace\8-2-build-windows-amd64-cygwin\jdk8u20\1074\hotspot\src\share\vm\prims\jvm.cpp, line 1275]
Event: 0.662 Thread 0x000000000231b000 Exception <a 'java/security/PrivilegedActionException'> (0x00000000d69e0e40) thrown at [D:\re\workspace\8-2-build-windows-amd64-cygwin\jdk8u20\1074\hotspot\src\share\vm\prims\jvm.cpp, line 1275]
Event: 0.677 Thread 0x000000000231b000 Exception <a 'java/security/PrivilegedActionException'> (0x00000000d6a6b270) thrown at [D:\re\workspace\8-2-build-windows-amd64-cygwin\jdk8u20\1074\hotspot\src\share\vm\prims\jvm.cpp, line 1275]
Event: 0.718 Thread 0x000000000231b000 Exception <a 'java/security/PrivilegedActionException'> (0x00000000d6afa0f8) thrown at [D:\re\workspace\8-2-build-windows-amd64-cygwin\jdk8u20\1074\hotspot\src\share\vm\prims\jvm.cpp, line 1275]
Event: 2.385 Thread 0x000000000231b000 Exception <a 'java/security/PrivilegedActionException'> (0x00000000d6b14a48) thrown at [D:\re\workspace\8-2-build-windows-amd64-cygwin\jdk8u20\1074\hotspot\src\share\vm\prims\jvm.cpp, line 1275]
Event: 2.386 Thread 0x000000000231b000 Exception <a 'java/security/PrivilegedActionException'> (0x00000000d6b14c00) thrown at [D:\re\workspace\8-2-build-windows-amd64-cygwin\jdk8u20\1074\hotspot\src\share\vm\prims\jvm.cpp, line 1275]
Event: 2.403 Thread 0x000000000231b000 Exception <a 'java/security/PrivilegedActionException'> (0x00000000d6b186f8) thrown at [D:\re\workspace\8-2-build-windows-amd64-cygwin\jdk8u20\1074\hotspot\src\share\vm\prims\jvm.cpp, line 1275]
Event: 2.404 Thread 0x000000000231b000 Exception <a 'java/security/PrivilegedActionException'> (0x00000000d6b188b0) thrown at [D:\re\workspace\8-2-build-windows-amd64-cygwin\jdk8u20\1074\hotspot\src\share\vm\prims\jvm.cpp, line 1275]

Events (10 events):
Event: 490.121 Executing VM operation: GetOrSetLocal
Event: 490.121 Executing VM operation: GetOrSetLocal done
Event: 490.122 Executing VM operation: GetOrSetLocal
Event: 490.122 Executing VM operation: GetOrSetLocal done
Event: 490.125 Executing VM operation: GetOrSetLocal
Event: 490.125 Executing VM operation: GetOrSetLocal done
Event: 490.126 Executing VM operation: GetOrSetLocal
Event: 490.126 Executing VM operation: GetOrSetLocal done
Event: 503.382 Executing VM operation: RedefineClasses
Event: 503.384 Executing VM operation: RedefineClasses done


Dynamic libraries:
0x000000013f780000 - 0x000000013f7b4000 	C:\Program Files\Java\jre1.8.0_20\bin\javaw.exe
0x0000000077ac0000 - 0x0000000077c5f000 	C:\windows\SYSTEM32\ntdll.dll
0x00000000779a0000 - 0x0000000077abf000 	C:\windows\system32\kernel32.dll
0x000007fefd7b0000 - 0x000007fefd81a000 	C:\windows\system32\KERNELBASE.dll
0x000007feff150000 - 0x000007feff22b000 	C:\windows\system32\ADVAPI32.dll
0x000007feff450000 - 0x000007feff4ef000 	C:\windows\system32\msvcrt.dll
0x000007feff130000 - 0x000007feff14f000 	C:\windows\SYSTEM32\sechost.dll
0x000007fefe1d0000 - 0x000007fefe2fd000 	C:\windows\system32\RPCRT4.dll
0x00000000778a0000 - 0x000000007799a000 	C:\windows\system32\USER32.dll
0x000007feffa70000 - 0x000007feffad7000 	C:\windows\system32\GDI32.dll
0x000007fefdb80000 - 0x000007fefdb8e000 	C:\windows\system32\LPK.dll
0x000007fefdbf0000 - 0x000007fefdcbb000 	C:\windows\system32\USP10.dll
0x000007fefbb00000 - 0x000007fefbcf4000 	C:\windows\WinSxS\amd64_microsoft.windows.common-controls_6595b64144ccf1df_6.0.7601.18837_none_fa3b1e3d17594757\COMCTL32.dll
0x000007fefe150000 - 0x000007fefe1c1000 	C:\windows\system32\SHLWAPI.dll
0x000007fefdb50000 - 0x000007fefdb7e000 	C:\windows\system32\IMM32.DLL
0x000007feff5e0000 - 0x000007feff6e9000 	C:\windows\system32\MSCTF.dll
0x0000000060bb0000 - 0x0000000060c82000 	C:\Program Files\Java\jre1.8.0_20\bin\msvcr100.dll
0x000000005ffb0000 - 0x0000000060808000 	C:\Program Files\Java\jre1.8.0_20\bin\server\jvm.dll
0x000007feee720000 - 0x000007feee729000 	C:\windows\system32\WSOCK32.dll
0x000007feff4f0000 - 0x000007feff53d000 	C:\windows\system32\WS2_32.dll
0x000007feffa60000 - 0x000007feffa68000 	C:\windows\system32\NSI.dll
0x000007fefb4d0000 - 0x000007fefb50b000 	C:\windows\system32\WINMM.dll
0x0000000077c60000 - 0x0000000077c67000 	C:\windows\system32\PSAPI.DLL
0x00000000736f0000 - 0x00000000736ff000 	C:\Program Files\Java\jre1.8.0_20\bin\verify.dll
0x000000006e7f0000 - 0x000000006e818000 	C:\Program Files\Java\jre1.8.0_20\bin\java.dll
0x0000000060d30000 - 0x0000000060d65000 	C:\Program Files\Java\jre1.8.0_20\bin\jdwp.dll
0x000000006e1b0000 - 0x000000006e1b8000 	C:\Program Files\Java\jre1.8.0_20\bin\npt.dll
0x0000000073320000 - 0x0000000073336000 	C:\Program Files\Java\jre1.8.0_20\bin\zip.dll
0x000007fefe3a0000 - 0x000007feff12b000 	C:\windows\system32\SHELL32.dll
0x000007feff230000 - 0x000007feff42d000 	C:\windows\system32\ole32.dll
0x000007fefd790000 - 0x000007fefd79f000 	C:\windows\system32\profapi.dll
0x0000000073310000 - 0x0000000073319000 	C:\Program Files\Java\jre1.8.0_20\bin\dt_socket.dll
0x000007fefbd80000 - 0x000007fefbd95000 	C:\windows\system32\NLAapi.dll
0x000007fef8080000 - 0x000007fef8095000 	C:\windows\system32\napinsp.dll
0x000007fef80a0000 - 0x000007fef80b9000 	C:\windows\system32\pnrpnsp.dll
0x000007fefcf30000 - 0x000007fefcf85000 	C:\windows\System32\mswsock.dll
0x000007fefcdb0000 - 0x000007fefce0b000 	C:\windows\system32\DNSAPI.dll
0x000007fef8070000 - 0x000007fef807b000 	C:\windows\System32\winrnr.dll
0x000007fef8060000 - 0x000007fef8070000 	C:\windows\system32\wshbth.dll
0x000007fef9d20000 - 0x000007fef9d47000 	C:\windows\system32\IPHLPAPI.DLL
0x000007fef9d10000 - 0x000007fef9d1b000 	C:\windows\system32\WINNSI.DLL
0x000007fef9b10000 - 0x000007fef9b63000 	C:\windows\System32\fwpuclnt.dll
0x000007fef8220000 - 0x000007fef8228000 	C:\windows\system32\rasadhlp.dll
0x000007fefc8f0000 - 0x000007fefc8f7000 	C:\windows\System32\wshtcpip.dll
0x000007feed2c0000 - 0x000007feed3e5000 	C:\windows\system32\dbghelp.dll

VM Arguments:
jvm_args: -agentlib:jdwp=transport=dt_socket,suspend=y,address=localhost:60307 -Dfile.encoding=UTF-8 
java_command: com.mwos.ebochs.resource.OSConfigFactory
java_class_path (initial): C:\Program Files\Java\jre1.8.0_20\lib\resources.jar;C:\Program Files\Java\jre1.8.0_20\lib\rt.jar;C:\Program Files\Java\jre1.8.0_20\lib\jsse.jar;C:\Program Files\Java\jre1.8.0_20\lib\jce.jar;C:\Program Files\Java\jre1.8.0_20\lib\charsets.jar;C:\Program Files\Java\jre1.8.0_20\lib\jfr.jar;C:\Program Files\Java\jre1.8.0_20\lib\ext\access-bridge-64.jar;C:\Program Files\Java\jre1.8.0_20\lib\ext\cldrdata.jar;C:\Program Files\Java\jre1.8.0_20\lib\ext\dnsns.jar;C:\Program Files\Java\jre1.8.0_20\lib\ext\jaccess.jar;C:\Program Files\Java\jre1.8.0_20\lib\ext\jfxrt.jar;C:\Program Files\Java\jre1.8.0_20\lib\ext\localedata.jar;C:\Program Files\Java\jre1.8.0_20\lib\ext\nashorn.jar;C:\Program Files\Java\jre1.8.0_20\lib\ext\sunec.jar;C:\Program Files\Java\jre1.8.0_20\lib\ext\sunjce_provider.jar;C:\Program Files\Java\jre1.8.0_20\lib\ext\sunmscapi.jar;C:\Program Files\Java\jre1.8.0_20\lib\ext\sunpkcs11.jar;C:\Program Files\Java\jre1.8.0_20\lib\ext\zipfs.jar;F:\eclipse-rcp-oxygen-2-win32-x86_64\eclipse1\plugins\org.eclipse.ui_3.109.0.v20170411-1742.jar;F:\eclipse-rcp-oxygen-2-win32-x86_64\eclipse1\plugins\org.eclipse.swt_3.106.3.v20180329-0507.jar;F:\eclipse-rcp-oxygen-2-win32-x86_64\eclipse1\plugins\org.eclipse.swt.win32.win32.x86_64_3.106.3.v20180329-0507.jar;F:\eclipse-rcp-oxygen-2-win32-x86_64\eclipse1\plugins\org.eclipse.jface_3.13.2.v20171022-1656.jar;F:\eclipse-rcp-oxygen-2-win32-x86_64\eclipse1\plugins\org.eclipse.core.commands_3.9.0.v20170530-1048.jar;F:\eclipse-rcp-oxygen-2-win32-x86_64\eclipse1\plugins\org.eclipse.ui.workbench_3.110.1.v20170704-1208.jar;F:\eclipse-rcp-oxygen-2-win32-x86_64\eclipse1\plugins\org.eclipse.e4.ui.workbench3_0.14.0.v20160630-0740.jar;F:\eclipse-rcp-oxygen-2-win32-x86_64\eclipse1\plugins\org.eclipse.core.runtime_3.13.0.v20170207-1030.jar;F:\eclipse-rcp-oxygen-2-win32-x86_64\eclipse1\plugins\javax.inject_1.0.0.v20091030.jar;F:\eclipse-rcp-oxygen-2-win32-x86_64\eclipse1\plugins\org.eclipse.osgi_3.12.100.v20180210-1608.jar;F
Launcher Type: SUN_STANDARD

Environment Variables:
JAVA_HOME=C:\Program Files\Java\jdk1.8.0_20
PATH=C:/Program Files/Java/jre1.8.0_20/bin/server;C:/Program Files/Java/jre1.8.0_20/bin;C:/Program Files/Java/jre1.8.0_20/lib/amd64;C:\ProgramData\Oracle\Java\javapath;C:\windows\system32;C:\windows;C:\windows\System32\Wbem;C:\windows\System32\WindowsPowerShell\v1.0\;C:\Program Files (x86)\Intel\OpenCL SDK\3.0\bin\x86;C:\Program Files (x86)\Intel\OpenCL SDK\3.0\bin\x64;D:\OS\30day\tolset\z_tools;C:\Program Files\Java\jdk1.8.0_20\bin;F:\Git\cmd;C:\Program Files (x86)\MySQL\MySQL Server 5.5\bin;D:\OS\mw-os\001-data\toolchain;C:\Program Files (x86)\Windows Kits\8.1\Windows Performance Toolkit\;C:\Program Files\Microsoft SQL Server\110\Tools\Binn\;D:\apache-maven-3.5.3-bin\apache-maven-3.5.3\bin;F:\Python3.6\Scripts\;F:\Python3.6\;F:\eclipse-rcp-oxygen-2-win32-x86_64\eclipse1;
USERNAME=aaron
OS=Windows_NT
PROCESSOR_IDENTIFIER=Intel64 Family 6 Model 58 Stepping 9, GenuineIntel



---------------  S Y S T E M  ---------------

OS: Windows 7 , 64 bit Build 7601 Service Pack 1

CPU:total 4 (2 cores per cpu, 2 threads per core) family 6 model 58 stepping 9, cmov, cx8, fxsr, mmx, sse, sse2, sse3, ssse3, sse4.1, sse4.2, popcnt, avx, aes, clmul, erms, ht, tsc, tscinvbit, tscinv

Memory: 4k page, physical 8287080k(3558380k free), swap 16572284k(11178100k free)

vm_info: Java HotSpot(TM) 64-Bit Server VM (25.20-b23) for windows-amd64 JRE (1.8.0_20-b26), built on Jul 30 2014 13:51:23 by "java_re" with MS VC++ 10.0 (VS2010)

time: Wed Jun 06 23:02:06 2018
elapsed time: 503 seconds (0d 0h 8m 23s)

