VirtualBox VM 5.2.8 r121009 win.amd64 (Feb 26 2018 15:44:39) release log
00:00:01.711776 Log opened 2018-08-29T15:00:07.280194300Z
00:00:01.711778 Build Type: release
00:00:01.711780 OS Product: Windows 10
00:00:01.711781 OS Release: 10.0.10240
00:00:01.711782 OS Service Pack: 
00:00:01.770116 DMI Product Name: 20244
00:00:01.773339 DMI Product Version: Lenovo G400s
00:00:01.773348 Host RAM: 8092MB (7.9GB) total, 4376MB (4.2GB) available
00:00:01.773351 Executable: F:\vbox\install\VirtualBox.exe
00:00:01.773352 Process ID: 8440
00:00:01.773352 Package type: WINDOWS_64BITS_GENERIC
00:00:01.774015 Installed Extension Packs:
00:00:01.774044   Oracle VM VirtualBox Extension Pack (Version: 5.2.8 r121009; VRDE Module: VBoxVRDP)
00:00:01.775532 Console: Machine state changed to 'Starting'
00:00:01.775663 Qt version: 5.6.2
00:00:01.778559 GUI: UIMediumEnumerator: Medium-enumeration finished!
00:00:01.850554 SUP: Loaded VMMR0.r0 (F:\vbox\install\VMMR0.r0) at 0xXXXXXXXXXXXXXXXX - ModuleInit at XXXXXXXXXXXXXXXX and ModuleTerm at XXXXXXXXXXXXXXXX using the native ring-0 loader
00:00:01.850586 SUP: VMMR0EntryEx located at XXXXXXXXXXXXXXXX and VMMR0EntryFast at XXXXXXXXXXXXXXXX
00:00:01.850592 SUP: windbg> .reload /f F:\vbox\install\VMMR0.r0=0xXXXXXXXXXXXXXXXX
00:00:01.853114 Guest OS type: 'Other'
00:00:01.856706 File system of 'D:\OS\ebochs\OS\obj\images\mwos.img' (Floppy) is ntfs
00:00:01.861446 VideoRec: Only video will be recorded
00:00:01.872383 Shared clipboard service loaded
00:00:01.872396 Shared clipboard mode: Off
00:00:01.882228 Drag and drop service loaded
00:00:01.882244 Drag and drop mode: Off
00:00:01.901362 Guest Control service loaded
00:00:01.914605 ************************* CFGM dump *************************
00:00:01.914608 [/] (level 0)
00:00:01.914610   CSAMEnabled       <integer> = 0x0000000000000001 (1)
00:00:01.914612   CpuExecutionCap   <integer> = 0x0000000000000064 (100)
00:00:01.914613   EnablePAE         <integer> = 0x0000000000000000 (0)
00:00:01.914616   HMEnabled         <integer> = 0x0000000000000001 (1)
00:00:01.914616   MemBalloonSize    <integer> = 0x0000000000000000 (0)
00:00:01.914617   Name              <string>  = "mwos" (cb=5)
00:00:01.914618   NumCPUs           <integer> = 0x0000000000000001 (1)
00:00:01.914619   PATMEnabled       <integer> = 0x0000000000000001 (1)
00:00:01.914620   PageFusionAllowed <integer> = 0x0000000000000000 (0)
00:00:01.914621   RamHoleSize       <integer> = 0x0000000020000000 (536 870 912, 512 MB)
00:00:01.914623   RamSize           <integer> = 0x0000000020000000 (536 870 912, 512 MB)
00:00:01.914624   RawR0Enabled      <integer> = 0x0000000000000001 (1)
00:00:01.914625   RawR3Enabled      <integer> = 0x0000000000000001 (1)
00:00:01.914626   TimerMillies      <integer> = 0x000000000000000a (10)
00:00:01.914627   UUID              <bytes>   = "76 37 19 66 30 ef 62 4c a3 b2 66 8e 1d 0d 40 51" (cb=16)
00:00:01.914631 
00:00:01.914632 [/CPUM/] (level 1)
00:00:01.914633   GuestCpuName       <string>  = "host" (cb=5)
00:00:01.914634   PortableCpuIdLevel <integer> = 0x0000000000000000 (0)
00:00:01.914635   SpecCtrl           <integer> = 0x0000000000000000 (0)
00:00:01.914635 
00:00:01.914636 [/DBGC/] (level 1)
00:00:01.914637   GlobalInitScript <string>  = "C:\Users\aaron\.VirtualBox/dbgc-init" (cb=37)
00:00:01.914638   HistoryFile      <string>  = "C:\Users\aaron\.VirtualBox/dbgc-history" (cb=40)
00:00:01.914639   LocalInitScript  <string>  = "D:\OS\ebochs\com.mwos.ebochs\src\com\mwos\ebochs\core\vm\vbox/dbgc-init" (cb=72)
00:00:01.914640 
00:00:01.914640 [/DBGF/] (level 1)
00:00:01.914641   Path <string>  = "D:\OS\ebochs\com.mwos.ebochs\src\com\mwos\ebochs\core\vm\vbox/debug/;D:\OS\ebochs\com.mwos.ebochs\src\com\mwos\ebochs\core\vm\vbox/;C:\Users\aaron\" (cb=148)
00:00:01.914642 
00:00:01.914642 [/Devices/] (level 1)
00:00:01.914643 
00:00:01.914643 [/Devices/8237A/] (level 2)
00:00:01.914644 
00:00:01.914645 [/Devices/8237A/0/] (level 3)
00:00:01.914646   Trusted <integer> = 0x0000000000000001 (1)
00:00:01.914647 
00:00:01.914647 [/Devices/VMMDev/] (level 2)
00:00:01.914648 
00:00:01.914648 [/Devices/VMMDev/0/] (level 3)
00:00:01.914650   PCIBusNo      <integer> = 0x0000000000000000 (0)
00:00:01.914650   PCIDeviceNo   <integer> = 0x0000000000000004 (4)
00:00:01.914651   PCIFunctionNo <integer> = 0x0000000000000000 (0)
00:00:01.914652   Trusted       <integer> = 0x0000000000000001 (1)
00:00:01.914653 
00:00:01.914653 [/Devices/VMMDev/0/Config/] (level 4)
00:00:01.914654   GuestCoreDumpDir <string>  = "D:\OS\ebochs\com.mwos.ebochs\src\com\mwos\ebochs\core\vm\vbox\Snapshots" (cb=72)
00:00:01.914655 
00:00:01.914655 [/Devices/VMMDev/0/LUN#0/] (level 4)
00:00:01.914656   Driver <string>  = "HGCM" (cb=5)
00:00:01.914657 
00:00:01.914657 [/Devices/VMMDev/0/LUN#0/Config/] (level 5)
00:00:01.914659   Object <integer> = 0x00000000043ae390 (70 968 208)
00:00:01.914660 
00:00:01.914660 [/Devices/VMMDev/0/LUN#999/] (level 4)
00:00:01.914661   Driver <string>  = "MainStatus" (cb=11)
00:00:01.914662 
00:00:01.914662 [/Devices/VMMDev/0/LUN#999/Config/] (level 5)
00:00:01.914663   First   <integer> = 0x0000000000000000 (0)
00:00:01.914664   Last    <integer> = 0x0000000000000000 (0)
00:00:01.914665   papLeds <integer> = 0x000000000196b2b0 (26 653 360)
00:00:01.914666 
00:00:01.914666 [/Devices/acpi/] (level 2)
00:00:01.914667 
00:00:01.914667 [/Devices/acpi/0/] (level 3)
00:00:01.914669   PCIBusNo      <integer> = 0x0000000000000000 (0)
00:00:01.914669   PCIDeviceNo   <integer> = 0x0000000000000007 (7)
00:00:01.914670   PCIFunctionNo <integer> = 0x0000000000000000 (0)
00:00:01.914671   Trusted       <integer> = 0x0000000000000001 (1)
00:00:01.914672 
00:00:01.914672 [/Devices/acpi/0/Config/] (level 4)
00:00:01.914674   CpuHotPlug          <integer> = 0x0000000000000000 (0)
00:00:01.914675   FdcEnabled          <integer> = 0x0000000000000001 (1)
00:00:01.914676   HostBusPciAddress   <integer> = 0x0000000000000000 (0)
00:00:01.914676   HpetEnabled         <integer> = 0x0000000000000000 (0)
00:00:01.914677   IOAPIC              <integer> = 0x0000000000000000 (0)
00:00:01.914678   IocPciAddress       <integer> = 0x0000000000010000 (65 536)
00:00:01.914679   NumCPUs             <integer> = 0x0000000000000001 (1)
00:00:01.914680   Parallel0IoPortBase <integer> = 0x0000000000000000 (0)
00:00:01.914681   Parallel0Irq        <integer> = 0x0000000000000000 (0)
00:00:01.914682   Parallel1IoPortBase <integer> = 0x0000000000000000 (0)
00:00:01.914682   Parallel1Irq        <integer> = 0x0000000000000000 (0)
00:00:01.914683   Serial0IoPortBase   <integer> = 0x0000000000000000 (0)
00:00:01.914684   Serial0Irq          <integer> = 0x0000000000000000 (0)
00:00:01.914685   Serial1IoPortBase   <integer> = 0x0000000000000000 (0)
00:00:01.914685   Serial1Irq          <integer> = 0x0000000000000000 (0)
00:00:01.914686   ShowCpu             <integer> = 0x0000000000000000 (0)
00:00:01.914687   ShowRtc             <integer> = 0x0000000000000000 (0)
00:00:01.914688   SmcEnabled          <integer> = 0x0000000000000000 (0)
00:00:01.914688 
00:00:01.914689 [/Devices/acpi/0/LUN#0/] (level 4)
00:00:01.914690   Driver <string>  = "ACPIHost" (cb=9)
00:00:01.914691 
00:00:01.914691 [/Devices/acpi/0/LUN#0/Config/] (level 5)
00:00:01.914692 
00:00:01.914692 [/Devices/apic/] (level 2)
00:00:01.914693 
00:00:01.914693 [/Devices/apic/0/] (level 3)
00:00:01.914694   Trusted <integer> = 0x0000000000000001 (1)
00:00:01.914695 
00:00:01.914695 [/Devices/apic/0/Config/] (level 4)
00:00:01.914697   IOAPIC  <integer> = 0x0000000000000000 (0)
00:00:01.914697   Mode    <integer> = 0x0000000000000002 (2)
00:00:01.914698   NumCPUs <integer> = 0x0000000000000001 (1)
00:00:01.914699 
00:00:01.914699 [/Devices/e1000/] (level 2)
00:00:01.914700 
00:00:01.914700 [/Devices/i82078/] (level 2)
00:00:01.914701 
00:00:01.914701 [/Devices/i82078/0/] (level 3)
00:00:01.914702   Trusted <integer> = 0x0000000000000001 (1)
00:00:01.914703 
00:00:01.914703 [/Devices/i82078/0/Config/] (level 4)
00:00:01.914704   DMA       <integer> = 0x0000000000000002 (2)
00:00:01.914705   IOBase    <integer> = 0x00000000000003f0 (1 008)
00:00:01.914706   IRQ       <integer> = 0x0000000000000006 (6)
00:00:01.914707   MemMapped <integer> = 0x0000000000000000 (0)
00:00:01.914707 
00:00:01.914708 [/Devices/i82078/0/LUN#0/] (level 4)
00:00:01.914709   Driver <string>  = "VD" (cb=3)
00:00:01.914710 
00:00:01.914710 [/Devices/i82078/0/LUN#0/Config/] (level 5)
00:00:01.914711   Format        <string>  = "RAW" (cb=4)
00:00:01.914712   MaybeReadOnly <integer> = 0x0000000000000001 (1)
00:00:01.914713   Mountable     <integer> = 0x0000000000000001 (1)
00:00:01.914713   Path          <string>  = "D:\OS\ebochs\OS\obj\images\mwos.img" (cb=36)
00:00:01.914714   Type          <string>  = "Floppy 1.44" (cb=12)
00:00:01.914715 
00:00:01.914715 [/Devices/i82078/0/LUN#0/Config/Plugins/] (level 6)
00:00:01.914717 
00:00:01.914717 [/Devices/i82078/0/LUN#0/Config/Plugins/VDPluginCrypt/] (level 7)
00:00:01.914719   Path <string>  = "F:\vbox\install\ExtensionPacks\Oracle_VM_VirtualBox_Extension_Pack\win.amd64\VDPluginCrypt.DLL" (cb=95)
00:00:01.914719 
00:00:01.914720 [/Devices/i82078/0/LUN#999/] (level 4)
00:00:01.914721   Driver <string>  = "MainStatus" (cb=11)
00:00:01.914722 
00:00:01.914722 [/Devices/i82078/0/LUN#999/Config/] (level 5)
00:00:01.914723   DeviceInstance        <string>  = "i82078/0" (cb=9)
00:00:01.914724   First                 <integer> = 0x0000000000000000 (0)
00:00:01.914725   Last                  <integer> = 0x0000000000000001 (1)
00:00:01.914726   pConsole              <integer> = 0x000000000196aaa0 (26 651 296)
00:00:01.914727   papLeds               <integer> = 0x000000000196ae80 (26 652 288)
00:00:01.914728   pmapMediumAttachments <integer> = 0x000000000196b2d0 (26 653 392)
00:00:01.914729 
00:00:01.914729 [/Devices/i8254/] (level 2)
00:00:01.914730 
00:00:01.914731 [/Devices/i8254/0/] (level 3)
00:00:01.914731 
00:00:01.914732 [/Devices/i8254/0/Config/] (level 4)
00:00:01.914733 
00:00:01.914733 [/Devices/i8259/] (level 2)
00:00:01.914734 
00:00:01.914734 [/Devices/i8259/0/] (level 3)
00:00:01.914735   Trusted <integer> = 0x0000000000000001 (1)
00:00:01.914736 
00:00:01.914736 [/Devices/i8259/0/Config/] (level 4)
00:00:01.914737 
00:00:01.914737 [/Devices/ichac97/] (level 2)
00:00:01.914738 
00:00:01.914738 [/Devices/ichac97/0/] (level 3)
00:00:01.914739   PCIBusNo      <integer> = 0x0000000000000000 (0)
00:00:01.914740   PCIDeviceNo   <integer> = 0x0000000000000005 (5)
00:00:01.914741   PCIFunctionNo <integer> = 0x0000000000000000 (0)
00:00:01.914741   Trusted       <integer> = 0x0000000000000001 (1)
00:00:01.914742 
00:00:01.914742 [/Devices/ichac97/0/AudioConfig/] (level 4)
00:00:01.914744 
00:00:01.914744 [/Devices/ichac97/0/Config/] (level 4)
00:00:01.914745   Codec <string>  = "STAC9700" (cb=9)
00:00:01.914746 
00:00:01.914746 [/Devices/ichac97/0/LUN#0/] (level 4)
00:00:01.914747   Driver <string>  = "AUDIO" (cb=6)
00:00:01.914748 
00:00:01.914748 [/Devices/ichac97/0/LUN#0/AttachedDriver/] (level 5)
00:00:01.914749   Driver <string>  = "DSoundAudio" (cb=12)
00:00:01.914750 
00:00:01.914750 [/Devices/ichac97/0/LUN#0/AttachedDriver/Config/] (level 6)
00:00:01.914751   StreamName <string>  = "mwos" (cb=5)
00:00:01.914752 
00:00:01.914752 [/Devices/ichac97/0/LUN#0/Config/] (level 5)
00:00:01.914753   DebugEnabled  <integer> = 0x0000000000000000 (0)
00:00:01.914754   DebugPathOut  <string>  = "" (cb=1)
00:00:01.914755   DriverName    <string>  = "DSoundAudio" (cb=12)
00:00:01.914756   InputEnabled  <integer> = 0x0000000000000000 (0)
00:00:01.914756   OutputEnabled <integer> = 0x0000000000000001 (1)
00:00:01.914757 
00:00:01.914757 [/Devices/ichac97/0/LUN#1/] (level 4)
00:00:01.914758   Driver <string>  = "AUDIO" (cb=6)
00:00:01.914759 
00:00:01.914759 [/Devices/ichac97/0/LUN#1/AttachedDriver/] (level 5)
00:00:01.914760   Driver <string>  = "AudioVRDE" (cb=10)
00:00:01.914761 
00:00:01.914761 [/Devices/ichac97/0/LUN#1/AttachedDriver/Config/] (level 6)
00:00:01.914763   Object           <integer> = 0x000000000196dfd0 (26 664 912)
00:00:01.914764   ObjectVRDPServer <integer> = 0x000000000197e140 (26 730 816)
00:00:01.914765   StreamName       <string>  = "mwos" (cb=5)
00:00:01.914765 
00:00:01.914765 [/Devices/ichac97/0/LUN#1/Config/] (level 5)
00:00:01.914767   DebugEnabled  <integer> = 0x0000000000000000 (0)
00:00:01.914767   DebugPathOut  <string>  = "" (cb=1)
00:00:01.914768   DriverName    <string>  = "AudioVRDE" (cb=10)
00:00:01.914769   InputEnabled  <integer> = 0x0000000000000000 (0)
00:00:01.914769   OutputEnabled <integer> = 0x0000000000000001 (1)
00:00:01.914770 
00:00:01.914770 [/Devices/mc146818/] (level 2)
00:00:01.914771 
00:00:01.914771 [/Devices/mc146818/0/] (level 3)
00:00:01.914772 
00:00:01.914772 [/Devices/mc146818/0/Config/] (level 4)
00:00:01.914774   UseUTC <integer> = 0x0000000000000000 (0)
00:00:01.914774 
00:00:01.914774 [/Devices/parallel/] (level 2)
00:00:01.914775 
00:00:01.914775 [/Devices/pcarch/] (level 2)
00:00:01.914776 
00:00:01.914777 [/Devices/pcarch/0/] (level 3)
00:00:01.914777   Trusted <integer> = 0x0000000000000001 (1)
00:00:01.914778 
00:00:01.914778 [/Devices/pcarch/0/Config/] (level 4)
00:00:01.914779 
00:00:01.914780 [/Devices/pcbios/] (level 2)
00:00:01.914780 
00:00:01.914781 [/Devices/pcbios/0/] (level 3)
00:00:01.914781   Trusted <integer> = 0x0000000000000001 (1)
00:00:01.914782 
00:00:01.914782 [/Devices/pcbios/0/Config/] (level 4)
00:00:01.914784   APIC           <integer> = 0x0000000000000001 (1)
00:00:01.914785   BootDevice0    <string>  = "FLOPPY" (cb=7)
00:00:01.914786   BootDevice1    <string>  = "DVD" (cb=4)
00:00:01.914786   BootDevice2    <string>  = "IDE" (cb=4)
00:00:01.914787   BootDevice3    <string>  = "NONE" (cb=5)
00:00:01.914788   FloppyDevice   <string>  = "i82078" (cb=7)
00:00:01.914788   HardDiskDevice <string>  = "piix3ide" (cb=9)
00:00:01.914789   IOAPIC         <integer> = 0x0000000000000000 (0)
00:00:01.914790   LanBootRom     <string>  = "F:\vbox\install\ExtensionPacks\Oracle_VM_VirtualBox_Extension_Pack\PXE-Intel.rom" (cb=81)
00:00:01.914791   McfgBase       <integer> = 0x0000000000000000 (0)
00:00:01.914792   McfgLength     <integer> = 0x0000000000000000 (0)
00:00:01.914792   NumCPUs        <integer> = 0x0000000000000001 (1)
00:00:01.914793   PXEDebug       <integer> = 0x0000000000000000 (0)
00:00:01.914794   UUID           <bytes>   = "76 37 19 66 30 ef 62 4c a3 b2 66 8e 1d 0d 40 51" (cb=16)
00:00:01.914796 
00:00:01.914797 [/Devices/pcbios/0/Config/NetBoot/] (level 5)
00:00:01.914798 
00:00:01.914798 [/Devices/pcbios/0/Config/NetBoot/0/] (level 6)
00:00:01.914799   NIC           <integer> = 0x0000000000000000 (0)
00:00:01.914800   PCIBusNo      <integer> = 0x0000000000000000 (0)
00:00:01.914801   PCIDeviceNo   <integer> = 0x0000000000000003 (3)
00:00:01.914802   PCIFunctionNo <integer> = 0x0000000000000000 (0)
00:00:01.914802 
00:00:01.914803 [/Devices/pci/] (level 2)
00:00:01.914803 
00:00:01.914804 [/Devices/pci/0/] (level 3)
00:00:01.914805   Trusted <integer> = 0x0000000000000001 (1)
00:00:01.914805 
00:00:01.914805 [/Devices/pci/0/Config/] (level 4)
00:00:01.914807   IOAPIC <integer> = 0x0000000000000000 (0)
00:00:01.914807 
00:00:01.914807 [/Devices/pcibridge/] (level 2)
00:00:01.914808 
00:00:01.914809 [/Devices/pckbd/] (level 2)
00:00:01.914809 
00:00:01.914810 [/Devices/pckbd/0/] (level 3)
00:00:01.914811   Trusted <integer> = 0x0000000000000001 (1)
00:00:01.914811 
00:00:01.914812 [/Devices/pckbd/0/Config/] (level 4)
00:00:01.914813 
00:00:01.914813 [/Devices/pckbd/0/LUN#0/] (level 4)
00:00:01.914814   Driver <string>  = "KeyboardQueue" (cb=14)
00:00:01.914814 
00:00:01.914815 [/Devices/pckbd/0/LUN#0/AttachedDriver/] (level 5)
00:00:01.914816   Driver <string>  = "MainKeyboard" (cb=13)
00:00:01.914816 
00:00:01.914817 [/Devices/pckbd/0/LUN#0/AttachedDriver/Config/] (level 6)
00:00:01.914818   Object <integer> = 0x00000000018bcaa0 (25 938 592)
00:00:01.914819 
00:00:01.914819 [/Devices/pckbd/0/LUN#0/Config/] (level 5)
00:00:01.914820   QueueSize <integer> = 0x0000000000000040 (64)
00:00:01.914821 
00:00:01.914821 [/Devices/pckbd/0/LUN#1/] (level 4)
00:00:01.914822   Driver <string>  = "MouseQueue" (cb=11)
00:00:01.914823 
00:00:01.914823 [/Devices/pckbd/0/LUN#1/AttachedDriver/] (level 5)
00:00:01.914824   Driver <string>  = "MainMouse" (cb=10)
00:00:01.914825 
00:00:01.914825 [/Devices/pckbd/0/LUN#1/AttachedDriver/Config/] (level 6)
00:00:01.914826   Object <integer> = 0x000000000196b7e0 (26 654 688)
00:00:01.914827 
00:00:01.914828 [/Devices/pckbd/0/LUN#1/Config/] (level 5)
00:00:01.914829   QueueSize <integer> = 0x0000000000000080 (128)
00:00:01.914829 
00:00:01.914830 [/Devices/pcnet/] (level 2)
00:00:01.914831 
00:00:01.914831 [/Devices/pcnet/0/] (level 3)
00:00:01.914832   PCIBusNo      <integer> = 0x0000000000000000 (0)
00:00:01.914832   PCIDeviceNo   <integer> = 0x0000000000000003 (3)
00:00:01.914833   PCIFunctionNo <integer> = 0x0000000000000000 (0)
00:00:01.914834   Trusted       <integer> = 0x0000000000000001 (1)
00:00:01.914835 
00:00:01.914835 [/Devices/pcnet/0/Config/] (level 4)
00:00:01.914836   Am79C973       <integer> = 0x0000000000000001 (1)
00:00:01.914837   CableConnected <integer> = 0x0000000000000001 (1)
00:00:01.914837   LineSpeed      <integer> = 0x0000000000000000 (0)
00:00:01.914838   MAC            <bytes>   = "08 00 27 9c 5a 0e" (cb=6)
00:00:01.914839 
00:00:01.914840 [/Devices/pcnet/0/LUN#0/] (level 4)
00:00:01.914841   Driver <string>  = "NAT" (cb=4)
00:00:01.914841 
00:00:01.914841 [/Devices/pcnet/0/LUN#0/Config/] (level 5)
00:00:01.914842   AliasMode       <integer> = 0x0000000000000000 (0)
00:00:01.914843   BootFile        <string>  = "mwos.pxe" (cb=9)
00:00:01.914844   DNSProxy        <integer> = 0x0000000000000000 (0)
00:00:01.914845   Network         <string>  = "10.0.2.0/24" (cb=12)
00:00:01.914845   PassDomain      <integer> = 0x0000000000000001 (1)
00:00:01.914846   TFTPPrefix      <string>  = "C:\Users\aaron\.VirtualBox\TFTP" (cb=32)
00:00:01.914847   UseHostResolver <integer> = 0x0000000000000000 (0)
00:00:01.914848 
00:00:01.914848 [/Devices/pcnet/0/LUN#999/] (level 4)
00:00:01.914849   Driver <string>  = "MainStatus" (cb=11)
00:00:01.914850 
00:00:01.914850 [/Devices/pcnet/0/LUN#999/Config/] (level 5)
00:00:01.914851   First   <integer> = 0x0000000000000000 (0)
00:00:01.914852   Last    <integer> = 0x0000000000000000 (0)
00:00:01.914852   papLeds <integer> = 0x000000000196b190 (26 653 072)
00:00:01.914853 
00:00:01.914853 [/Devices/piix3ide/] (level 2)
00:00:01.914854 
00:00:01.914854 [/Devices/piix3ide/0/] (level 3)
00:00:01.914856   PCIBusNo      <integer> = 0x0000000000000000 (0)
00:00:01.914856   PCIDeviceNo   <integer> = 0x0000000000000001 (1)
00:00:01.914857   PCIFunctionNo <integer> = 0x0000000000000001 (1)
00:00:01.914858   Trusted       <integer> = 0x0000000000000001 (1)
00:00:01.914858 
00:00:01.914859 [/Devices/piix3ide/0/Config/] (level 4)
00:00:01.914860   Type <string>  = "PIIX4" (cb=6)
00:00:01.914860 
00:00:01.914861 [/Devices/piix3ide/0/LUN#2/] (level 4)
00:00:01.914862   Driver <string>  = "VD" (cb=3)
00:00:01.914862 
00:00:01.914862 [/Devices/piix3ide/0/LUN#2/Config/] (level 5)
00:00:01.914863   EmptyDrive <integer> = 0x0000000000000001 (1)
00:00:01.914864   Mountable  <integer> = 0x0000000000000001 (1)
00:00:01.914865   Type       <string>  = "DVD" (cb=4)
00:00:01.914865 
00:00:01.914866 [/Devices/piix3ide/0/LUN#999/] (level 4)
00:00:01.914867   Driver <string>  = "MainStatus" (cb=11)
00:00:01.914867 
00:00:01.914868 [/Devices/piix3ide/0/LUN#999/Config/] (level 5)
00:00:01.914869   DeviceInstance        <string>  = "piix3ide/0" (cb=11)
00:00:01.914869   First                 <integer> = 0x0000000000000000 (0)
00:00:01.914870   Last                  <integer> = 0x0000000000000003 (3)
00:00:01.914871   pConsole              <integer> = 0x000000000196aaa0 (26 651 296)
00:00:01.914872   papLeds               <integer> = 0x000000000196ae90 (26 652 304)
00:00:01.914873   pmapMediumAttachments <integer> = 0x000000000196b2d0 (26 653 392)
00:00:01.914874 
00:00:01.914875 [/Devices/serial/] (level 2)
00:00:01.914875 
00:00:01.914876 [/Devices/usb-ehci/] (level 2)
00:00:01.914876 
00:00:01.914877 [/Devices/usb-ehci/0/] (level 3)
00:00:01.914878   PCIBusNo      <integer> = 0x0000000000000000 (0)
00:00:01.914878   PCIDeviceNo   <integer> = 0x000000000000000b (11)
00:00:01.914879   PCIFunctionNo <integer> = 0x0000000000000000 (0)
00:00:01.914880   Trusted       <integer> = 0x0000000000000001 (1)
00:00:01.914881 
00:00:01.914881 [/Devices/usb-ehci/0/Config/] (level 4)
00:00:01.914882 
00:00:01.914882 [/Devices/usb-ehci/0/LUN#0/] (level 4)
00:00:01.914883   Driver <string>  = "VUSBRootHub" (cb=12)
00:00:01.914884 
00:00:01.914884 [/Devices/usb-ehci/0/LUN#0/Config/] (level 5)
00:00:01.914885 
00:00:01.914885 [/Devices/usb-ehci/0/LUN#999/] (level 4)
00:00:01.914886   Driver <string>  = "MainStatus" (cb=11)
00:00:01.914887 
00:00:01.914887 [/Devices/usb-ehci/0/LUN#999/Config/] (level 5)
00:00:01.914888   First   <integer> = 0x0000000000000000 (0)
00:00:01.914889   Last    <integer> = 0x0000000000000000 (0)
00:00:01.914890   papLeds <integer> = 0x000000000196b2c0 (26 653 376)
00:00:01.914891 
00:00:01.914891 [/Devices/usb-ohci/] (level 2)
00:00:01.914892 
00:00:01.914892 [/Devices/usb-ohci/0/] (level 3)
00:00:01.914893   PCIBusNo      <integer> = 0x0000000000000000 (0)
00:00:01.914893   PCIDeviceNo   <integer> = 0x0000000000000006 (6)
00:00:01.914894   PCIFunctionNo <integer> = 0x0000000000000000 (0)
00:00:01.914895   Trusted       <integer> = 0x0000000000000001 (1)
00:00:01.914896 
00:00:01.914896 [/Devices/usb-ohci/0/Config/] (level 4)
00:00:01.914897 
00:00:01.914897 [/Devices/usb-ohci/0/LUN#0/] (level 4)
00:00:01.914898   Driver <string>  = "VUSBRootHub" (cb=12)
00:00:01.914899 
00:00:01.914899 [/Devices/usb-ohci/0/LUN#0/Config/] (level 5)
00:00:01.914900 
00:00:01.914900 [/Devices/usb-ohci/0/LUN#999/] (level 4)
00:00:01.914901   Driver <string>  = "MainStatus" (cb=11)
00:00:01.914902 
00:00:01.914902 [/Devices/usb-ohci/0/LUN#999/Config/] (level 5)
00:00:01.914903   First   <integer> = 0x0000000000000000 (0)
00:00:01.914904   Last    <integer> = 0x0000000000000000 (0)
00:00:01.914904   papLeds <integer> = 0x000000000196b2b8 (26 653 368)
00:00:01.914905 
00:00:01.914906 [/Devices/vga/] (level 2)
00:00:01.914906 
00:00:01.914907 [/Devices/vga/0/] (level 3)
00:00:01.914907   PCIBusNo      <integer> = 0x0000000000000000 (0)
00:00:01.914908   PCIDeviceNo   <integer> = 0x0000000000000002 (2)
00:00:01.914909   PCIFunctionNo <integer> = 0x0000000000000000 (0)
00:00:01.914909   Trusted       <integer> = 0x0000000000000001 (1)
00:00:01.914910 
00:00:01.914910 [/Devices/vga/0/Config/] (level 4)
00:00:01.914911   CustomVideoModes <integer> = 0x0000000000000000 (0)
00:00:01.914912   FadeIn           <integer> = 0x0000000000000001 (1)
00:00:01.914913   FadeOut          <integer> = 0x0000000000000001 (1)
00:00:01.914914   HeightReduction  <integer> = 0x0000000000000000 (0)
00:00:01.914914   LogoFile         <string>  = "" (cb=1)
00:00:01.914915   LogoTime         <integer> = 0x0000000000000000 (0)
00:00:01.914916   MonitorCount     <integer> = 0x0000000000000001 (1)
00:00:01.914916   ShowBootMenu     <integer> = 0x0000000000000002 (2)
00:00:01.914917   VRamSize         <integer> = 0x0000000000700000 (7 340 032, 7 MB)
00:00:01.914919 
00:00:01.914919 [/Devices/vga/0/LUN#0/] (level 4)
00:00:01.914920   Driver <string>  = "MainDisplay" (cb=12)
00:00:01.914920 
00:00:01.914921 [/Devices/vga/0/LUN#0/Config/] (level 5)
00:00:01.914922   Object <integer> = 0x0000000001970320 (26 673 952)
00:00:01.914923 
00:00:01.914923 [/Devices/vga/0/LUN#999/] (level 4)
00:00:01.914924   Driver <string>  = "MainStatus" (cb=11)
00:00:01.914924 
00:00:01.914925 [/Devices/vga/0/LUN#999/Config/] (level 5)
00:00:01.914926   First   <integer> = 0x0000000000000000 (0)
00:00:01.914926   Last    <integer> = 0x0000000000000000 (0)
00:00:01.914927   papLeds <integer> = 0x000000000196b2c8 (26 653 384)
00:00:01.914928 
00:00:01.914928 [/Devices/virtio-net/] (level 2)
00:00:01.914929 
00:00:01.914929 [/EM/] (level 1)
00:00:01.914930   TripleFaultReset <integer> = 0x0000000000000000 (0)
00:00:01.914931 
00:00:01.914931 [/GIM/] (level 1)
00:00:01.914932   Provider <string>  = "None" (cb=5)
00:00:01.914932 
00:00:01.914933 [/HM/] (level 1)
00:00:01.914934   64bitEnabled       <integer> = 0x0000000000000000 (0)
00:00:01.914934   EnableLargePages   <integer> = 0x0000000000000001 (1)
00:00:01.914935   EnableNestedPaging <integer> = 0x0000000000000001 (1)
00:00:01.914936   EnableUX           <integer> = 0x0000000000000001 (1)
00:00:01.914936   EnableVPID         <integer> = 0x0000000000000001 (1)
00:00:01.914937   Exclusive          <integer> = 0x0000000000000000 (0)
00:00:01.914938   HMForced           <integer> = 0x0000000000000000 (0)
00:00:01.914939   IBPBOnVMEntry      <integer> = 0x0000000000000000 (0)
00:00:01.914940   IBPBOnVMExit       <integer> = 0x0000000000000000 (0)
00:00:01.914940   SpecCtrlByHost     <integer> = 0x0000000000000000 (0)
00:00:01.914941 
00:00:01.914941 [/MM/] (level 1)
00:00:01.914942   CanUseLargerHeap <integer> = 0x0000000000000000 (0)
00:00:01.914943 
00:00:01.914943 [/PDM/] (level 1)
00:00:01.914944 
00:00:01.914944 [/PDM/AsyncCompletion/] (level 2)
00:00:01.914945 
00:00:01.914945 [/PDM/AsyncCompletion/File/] (level 3)
00:00:01.914946 
00:00:01.914946 [/PDM/AsyncCompletion/File/BwGroups/] (level 4)
00:00:01.914947 
00:00:01.914948 [/PDM/BlkCache/] (level 2)
00:00:01.914948   CacheSize <integer> = 0x0000000000500000 (5 242 880, 5 MB)
00:00:01.914950 
00:00:01.914950 [/PDM/Devices/] (level 2)
00:00:01.914951 
00:00:01.914951 [/PDM/Devices/VBoxEhci/] (level 3)
00:00:01.914952   Path         <string>  = "F:\vbox\install\ExtensionPacks\Oracle_VM_VirtualBox_Extension_Pack\win.amd64\VBoxEhciR3.DLL" (cb=92)
00:00:01.914953   R0SearchPath <string>  = "F:\vbox\install\ExtensionPacks\Oracle_VM_VirtualBox_Extension_Pack\win.amd64" (cb=77)
00:00:01.914954   RCSearchPath <string>  = "F:\vbox\install\ExtensionPacks\Oracle_VM_VirtualBox_Extension_Pack\win.amd64" (cb=77)
00:00:01.914955 
00:00:01.914955 [/PDM/Devices/VBoxNvme/] (level 3)
00:00:01.914956   Path         <string>  = "F:\vbox\install\ExtensionPacks\Oracle_VM_VirtualBox_Extension_Pack\win.amd64\VBoxNvmeR3.DLL" (cb=92)
00:00:01.914957   R0SearchPath <string>  = "F:\vbox\install\ExtensionPacks\Oracle_VM_VirtualBox_Extension_Pack\win.amd64" (cb=77)
00:00:01.914957   RCSearchPath <string>  = "F:\vbox\install\ExtensionPacks\Oracle_VM_VirtualBox_Extension_Pack\win.amd64" (cb=77)
00:00:01.914958 
00:00:01.914959 [/PDM/Drivers/] (level 2)
00:00:01.914959 
00:00:01.914960 [/PDM/Drivers/DrvHostWebcam/] (level 3)
00:00:01.914960   Path <string>  = "F:\vbox\install\ExtensionPacks\Oracle_VM_VirtualBox_Extension_Pack\win.amd64\VBoxHostWebcam.DLL" (cb=96)
00:00:01.914961 
00:00:01.914961 [/PDM/Drivers/VBoxC/] (level 3)
00:00:01.914962   Path <string>  = "VBoxC" (cb=6)
00:00:01.914963 
00:00:01.914963 [/PDM/NetworkShaper/] (level 2)
00:00:01.914964 
00:00:01.914964 [/PDM/NetworkShaper/BwGroups/] (level 3)
00:00:01.914965 
00:00:01.914965 [/PDM/USB/] (level 2)
00:00:01.914966 
00:00:01.914966 [/PDM/USB/VBoxUsbCardReader/] (level 3)
00:00:01.914967   Path <string>  = "F:\vbox\install\ExtensionPacks\Oracle_VM_VirtualBox_Extension_Pack\win.amd64\VBoxUsbCardReaderR3.DLL" (cb=101)
00:00:01.914968 
00:00:01.914968 [/PDM/USB/VBoxUsbWebcam/] (level 3)
00:00:01.914969   Path <string>  = "F:\vbox\install\ExtensionPacks\Oracle_VM_VirtualBox_Extension_Pack\win.amd64\VBoxUsbWebcamR3.DLL" (cb=97)
00:00:01.914970 
00:00:01.914971 [/TM/] (level 1)
00:00:01.914971   UTCOffset <integer> = 0x0000000000000000 (0)
00:00:01.914972 
00:00:01.914972 [/USB/] (level 1)
00:00:01.914973 
00:00:01.914973 [/USB/USBProxy/] (level 2)
00:00:01.914974 
00:00:01.914974 [/USB/USBProxy/GlobalConfig/] (level 3)
00:00:01.914975 
00:00:01.914976 ********************* End of CFGM dump **********************
00:00:01.914983 VM: fHMEnabled=true  (configured) fRecompileUser=false fRecompileSupervisor=false
00:00:01.914984 VM: fRawRing1Enabled=false CSAM=true  PATM=true 
00:00:01.915086 HM: HMR3Init: VT-x w/ nested paging and unrestricted guest execution hw support
00:00:01.915123 MM: cbHyperHeap=0x100000 (1048576)
00:00:01.915845 CPUM: fXStateHostMask=0x7; initial: 0x7; host XCR0=0x7
00:00:01.916651 CPUM: Matched host CPU INTEL 0x6/0x3a/0x9 Intel_Core7_IvyBridge with CPU DB entry 'Intel Core i5-3570' (INTEL 0x6/0x3a/0x9 Intel_Core7_IvyBridge)
00:00:01.916751 CPUM: MXCSR_MASK=0xffff (host: 0xffff)
00:00:01.916795 CPUM: Microcode revision 0x0000001B
00:00:01.917718 PGM: HCPhysInterPD=00000000bb106000 HCPhysInterPaePDPT=00000000bb103000 HCPhysInterPaePML4=00000000bb101000
00:00:01.917736 PGM: apInterPTs={00000000bb105000,00000000bb104000} apInterPaePTs={0000000093a85000,000000007ed06000} apInterPaePDs={000000008d447000,000000006e848000,0000000094bc9000,000000019020a000} pInterPaePDPT64=00000000bb102000
00:00:01.917743 PGM: Host paging mode: AMD64+PGE+NX
00:00:01.917751 PGM: PGMPool: cMaxPages=288 (u64MaxPages=288)
00:00:01.917755 PGM: pgmR3PoolInit: cMaxPages=0x120 cMaxUsers=0x240 cMaxPhysExts=0x240 fCacheEnable=true 
00:00:01.923528 TM: GIP - u32Mode=3 (Invariant) u32UpdateHz=93 u32UpdateIntervalNS=10752500 enmUseTscDelta=2 (Pratically Zero) fGetGipCpu=0xb cCpus=4
00:00:01.923556 TM: GIP - u64CpuHz=2 594 113 524 (0x9a9f07f4)  SUPGetCpuHzFromGip => 2 594 113 524
00:00:01.923563 TM: GIP - CPU: iCpuSet=0x0 idCpu=0x0 idApic=0x0 iGipCpu=0x3 i64TSCDelta=0 enmState=3 u64CpuHz=2594113605(*) cErrors=0
00:00:01.923568 TM: GIP - CPU: iCpuSet=0x1 idCpu=0x1 idApic=0x1 iGipCpu=0x1 i64TSCDelta=0 enmState=3 u64CpuHz=2594112999(*) cErrors=0
00:00:01.923572 TM: GIP - CPU: iCpuSet=0x2 idCpu=0x2 idApic=0x2 iGipCpu=0x0 i64TSCDelta=0 enmState=3 u64CpuHz=2594113524(*) cErrors=0
00:00:01.923576 TM: GIP - CPU: iCpuSet=0x3 idCpu=0x3 idApic=0x3 iGipCpu=0x2 i64TSCDelta=0 enmState=3 u64CpuHz=2594113058(*) cErrors=0
00:00:01.923626 TM: cTSCTicksPerSecond=2 594 113 524 (0x9a9f07f4) enmTSCMode=3 (Dynamic)
00:00:01.923628 TM: TSCTiedToExecution=false TSCNotTiedToHalt=false
00:00:01.924137 VMM: CoreCode: R3=0000000007ac0000 R0=XXXXXXXXXXXXXXXX RC=a0351000 Phys=00000000bb0e6000 cb=0x1000
00:00:01.924328 IEM: TargetCpu=CURRENT, Microarch=Intel_Core7_IvyBridge
00:00:01.924417 GIM: Using provider 'None' (Implementation version: 0)
00:00:01.924475 AIOMgr: Default manager type is 'Async'
00:00:01.924481 AIOMgr: Default file backend is 'NonBuffered'
00:00:01.924673 BlkCache: Cache successfully initialized. Cache size is 5242880 bytes
00:00:01.924687 BlkCache: Cache commit interval is 10000 ms
00:00:01.924694 BlkCache: Cache commit threshold is 2621440 bytes
00:00:02.214202 PcBios: [SMP] BIOS with 1 CPUs
00:00:02.214228 PcBios: Using the 386+ BIOS image.
00:00:02.215219 PcBios: Using LAN ROM 'F:\vbox\install\ExtensionPacks\Oracle_VM_VirtualBox_Extension_Pack\PXE-Intel.rom' with a size of 0xc000 bytes
00:00:02.215287 PcBios: fCheckShutdownStatusForSoftReset=true   fClearShutdownStatusOnHardReset=true 
00:00:02.227326 SUP: Loaded VBoxDDR0.r0 (F:\vbox\install\VBoxDDR0.r0) at 0xXXXXXXXXXXXXXXXX - ModuleInit at XXXXXXXXXXXXXXXX and ModuleTerm at XXXXXXXXXXXXXXXX using the native ring-0 loader
00:00:02.227342 SUP: windbg> .reload /f F:\vbox\install\VBoxDDR0.r0=0xXXXXXXXXXXXXXXXX
00:00:02.227589 CPUM: SetGuestCpuIdFeature: Enabled xAPIC
00:00:02.227829 PIT: mode=3 count=0x10000 (65536) - 18.20 Hz (ch=0)
00:00:02.238417 Shared Folders service loaded
00:00:02.240387 VGA: Using the 386+ BIOS image.
00:00:02.241692 VD: VDInit finished with VINF_SUCCESS
00:00:02.271837 DrvVD: Flushes will be ignored
00:00:02.271846 DrvVD: Async flushes will be passed to the disk
00:00:02.272189 VD: Opening the disk took 330987 ns
00:00:02.272237 FDC: 1.44 MB 3"1/2 floppy disk (2 h 80 t 18 s) rw
00:00:02.272435 PIIX3 ATA: LUN#0: no unit
00:00:02.272442 PIIX3 ATA: LUN#1: no unit
00:00:02.272486 DrvVD: Flushes will be ignored
00:00:02.272492 DrvVD: Async flushes will be passed to the disk
00:00:02.273642 PIIX3 ATA: LUN#2: CD/DVD, total number of sectors 0, passthrough disabled
00:00:02.273656 PIIX3 ATA: LUN#3: no unit
00:00:02.273671 PIIX3 ATA: Ctl#1: finished processing RESET
00:00:02.273693 PIIX3 ATA: Ctl#0: finished processing RESET
00:00:02.280159 NAT: Guest address guess set to 10.0.2.15 by initialization
00:00:02.287784 NAT: DNS#0: 192.168.199.1
00:00:02.288251 Audio: Initializing DirectSound audio driver
00:00:02.394285 DSound: Output: GUID: {ED9329E8-B4D4-47DC-A6D1-6555E4211890} [扬声器 (Conexant SmartAudio HD)] (Module: {0.0.0.00000000}.{ed9329e8-b4d4-47dc-a6d1-6555e4211890})
00:00:02.535511 DSound: Input: GUID: {A83FE516-150D-4EA6-A876-EFC95C53AF6E} [麦克风 (Conexant SmartAudio HD)] (Module: {0.0.1.00000000}.{a83fe516-150d-4ea6-a876-efc95c53af6e})
00:00:02.536387 Audio: Initializing VRDE driver
00:00:02.536416 AC97: Reset
00:00:02.537125 PGM: The CPU physical address width is 36 bits
00:00:02.537136 PGM: PGMR3InitFinalize: 4 MB PSE mask 0000000fffffffff
00:00:02.537289 TM: TMR3InitFinalize: fTSCModeSwitchAllowed=false
00:00:02.558557 VMM: Thread-context hooks unavailable
00:00:02.559259 HM: fWorldSwitcher=0x0 (fIbpbOnVmExit=0 fIbpbOnVmEntry=0)
00:00:02.559267 HM: Using VT-x implementation 2.0
00:00:02.559267 HM: Host CR4                        = 0x1506f8
00:00:02.559270 HM: Host EFER                       = 0xd01
00:00:02.559271 HM: MSR_IA32_SMM_MONITOR_CTL        = 0x0
00:00:02.559271 HM: MSR_IA32_FEATURE_CONTROL        = 0x5
00:00:02.559272 HM: MSR_IA32_VMX_BASIC_INFO         = 0xda040000000010
00:00:02.559273 HM:   VMCS id                         = 0x10
00:00:02.559273 HM:   VMCS size                       = 1024 bytes
00:00:02.559274 HM:   VMCS physical address limit     = None
00:00:02.559275 HM:   VMCS memory type                = 0x6
00:00:02.559275 HM:   Dual-monitor treatment support  = true 
00:00:02.559276 HM:   OUTS & INS instruction-info     = false
00:00:02.559277 HM:   Supports true capability MSRs   = false
00:00:02.559277 HM: Max resume loops                = 1024
00:00:02.559278 HM: MSR_IA32_VMX_PINBASED_CTLS      = 0x7f00000016
00:00:02.559278 HM:   EXT_INT_EXIT
00:00:02.559279 HM:   NMI_EXIT
00:00:02.559279 HM:   VIRTUAL_NMI
00:00:02.559279 HM:   PREEMPT_TIMER
00:00:02.559280 HM:   POSTED_INTR (must be cleared)
00:00:02.559280 HM: MSR_IA32_VMX_PROCBASED_CTLS     = 0xfff9fffe0401e172
00:00:02.559281 HM:   INT_WINDOW_EXIT
00:00:02.559281 HM:   USE_TSC_OFFSETTING
00:00:02.559282 HM:   HLT_EXIT
00:00:02.559282 HM:   INVLPG_EXIT
00:00:02.559282 HM:   MWAIT_EXIT
00:00:02.559284 HM:   RDPMC_EXIT
00:00:02.559285 HM:   RDTSC_EXIT
00:00:02.559285 HM:   CR3_LOAD_EXIT (must be set)
00:00:02.559285 HM:   CR3_STORE_EXIT (must be set)
00:00:02.559286 HM:   CR8_LOAD_EXIT
00:00:02.559286 HM:   CR8_STORE_EXIT
00:00:02.559286 HM:   USE_TPR_SHADOW
00:00:02.559287 HM:   NMI_WINDOW_EXIT
00:00:02.559287 HM:   MOV_DR_EXIT
00:00:02.559287 HM:   UNCOND_IO_EXIT
00:00:02.559288 HM:   USE_IO_BITMAPS
00:00:02.559288 HM:   MONITOR_TRAP_FLAG
00:00:02.559288 HM:   USE_MSR_BITMAPS
00:00:02.559289 HM:   MONITOR_EXIT
00:00:02.559289 HM:   PAUSE_EXIT
00:00:02.559289 HM:   USE_SECONDARY_EXEC_CTRL
00:00:02.559290 HM: MSR_IA32_VMX_PROCBASED_CTLS2    = 0x8ff00000000
00:00:02.559290 HM:   VIRT_APIC
00:00:02.559291 HM:   EPT
00:00:02.559291 HM:   DESCRIPTOR_TABLE_EXIT
00:00:02.559291 HM:   RDTSCP
00:00:02.559292 HM:   VIRT_X2APIC
00:00:02.559292 HM:   VPID
00:00:02.559293 HM:   WBINVD_EXIT
00:00:02.559294 HM:   UNRESTRICTED_GUEST
00:00:02.559294 HM:   APIC_REG_VIRT (must be cleared)
00:00:02.559295 HM:   VIRT_INTR_DELIVERY (must be cleared)
00:00:02.559295 HM:   PAUSE_LOOP_EXIT (must be cleared)
00:00:02.559295 HM:   RDRAND_EXIT
00:00:02.559296 HM:   INVPCID (must be cleared)
00:00:02.559296 HM:   VMFUNC (must be cleared)
00:00:02.559296 HM:   VMCS_SHADOWING (must be cleared)
00:00:02.559297 HM:   ENCLS_EXIT (must be cleared)
00:00:02.559297 HM:   RDSEED_EXIT (must be cleared)
00:00:02.559297 HM:   PML (must be cleared)
00:00:02.559298 HM:   EPT_VE (must be cleared)
00:00:02.559298 HM:   CONCEAL_FROM_PT (must be cleared)
00:00:02.559298 HM:   XSAVES_XRSTORS (must be cleared)
00:00:02.559299 HM:   TSC_SCALING (must be cleared)
00:00:02.559299 HM: MSR_IA32_VMX_ENTRY_CTLS         = 0xffff000011ff
00:00:02.559300 HM:   LOAD_DEBUG (must be set)
00:00:02.559300 HM:   IA32E_MODE_GUEST
00:00:02.559301 HM:   ENTRY_SMM
00:00:02.559301 HM:   DEACTIVATE_DUALMON
00:00:02.559301 HM:   LOAD_GUEST_PERF_MSR
00:00:02.559302 HM:   LOAD_GUEST_PAT_MSR
00:00:02.559302 HM:   LOAD_GUEST_EFER_MSR
00:00:02.559302 HM: MSR_IA32_VMX_EXIT_CTLS          = 0x7fffff00036dff
00:00:02.559303 HM:   SAVE_DEBUG (must be set)
00:00:02.559305 HM:   HOST_ADDR_SPACE_SIZE
00:00:02.559305 HM:   LOAD_PERF_MSR
00:00:02.559305 HM:   ACK_EXT_INT
00:00:02.559306 HM:   SAVE_GUEST_PAT_MSR
00:00:02.559306 HM:   LOAD_HOST_PAT_MSR
00:00:02.559306 HM:   SAVE_GUEST_EFER_MSR
00:00:02.559307 HM:   LOAD_HOST_EFER_MSR
00:00:02.559307 HM:   SAVE_VMX_PREEMPT_TIMER
00:00:02.559307 HM: MSR_IA32_VMX_EPT_VPID_CAP       = 0xf0106114141
00:00:02.559308 HM:   RWX_X_ONLY
00:00:02.559308 HM:   PAGE_WALK_LENGTH_4
00:00:02.559309 HM:   EMT_UC
00:00:02.559309 HM:   EMT_WB
00:00:02.559309 HM:   PDE_2M
00:00:02.559310 HM:   INVEPT
00:00:02.559310 HM:   INVEPT_SINGLE_CONTEXT
00:00:02.559310 HM:   INVEPT_ALL_CONTEXTS
00:00:02.559311 HM:   INVVPID
00:00:02.559311 HM:   INVVPID_INDIV_ADDR
00:00:02.559311 HM:   INVVPID_SINGLE_CONTEXT
00:00:02.559312 HM:   INVVPID_ALL_CONTEXTS
00:00:02.559312 HM:   INVVPID_SINGLE_CONTEXT_RETAIN_GLOBALS
00:00:02.559312 HM: MSR_IA32_VMX_MISC               = 0x100401e5
00:00:02.559313 HM:   PREEMPT_TSC_BIT                 = 0x5
00:00:02.559314 HM:   STORE_EFERLMA_VMEXIT            = true 
00:00:02.559314 HM:   ACTIVITY_STATES                 = 0x7
00:00:02.559315 HM:   CR3_TARGET                      = 0x4
00:00:02.559315 HM:   MAX_MSR                         = 512
00:00:02.559316 HM:   RDMSR_SMBASE_MSR_SMM            = false
00:00:02.559316 HM:   SMM_MONITOR_CTL_B2              = true 
00:00:02.559317 HM:   VMWRITE_VMEXIT_INFO             = false
00:00:02.559317 HM:   MSEG_ID                         = 0x0
00:00:02.559318 HM: MSR_IA32_VMX_CR0_FIXED0         = 0x80000021
00:00:02.559318 HM: MSR_IA32_VMX_CR0_FIXED1         = 0xffffffff
00:00:02.559319 HM: MSR_IA32_VMX_CR4_FIXED0         = 0x2000
00:00:02.559319 HM: MSR_IA32_VMX_CR4_FIXED1         = 0x1727ff
00:00:02.559320 HM: MSR_IA32_VMX_VMCS_ENUM          = 0x2a
00:00:02.559321 HM:   HIGHEST_INDEX                   = 0x15
00:00:02.559321 HM: APIC-access page physaddr       = 0x00000000bb0e5000
00:00:02.559322 HM: VCPU  0: MSR bitmap physaddr    = 0x00000000bb0e3000
00:00:02.559323 HM: VCPU  0: VMCS physaddr          = 0x00000000bb0e4000
00:00:02.559324 HM: Guest support: 32-bit only
00:00:02.559329 HM: Supports VMCS EFER fields       = true 
00:00:02.559330 HM: Enabled VMX
00:00:02.559332 CPUM: SetGuestCpuIdFeature: Enabled SYSENTER/EXIT
00:00:02.559332 HM: Enabled nested paging
00:00:02.559333 HM:   EPT flush type                = VMXFLUSHEPT_SINGLE_CONTEXT
00:00:02.559333 HM: Enabled unrestricted guest execution
00:00:02.559334 HM: Enabled large page support
00:00:02.559334 HM: Enabled VPID
00:00:02.559335 HM:   VPID flush type               = VMXFLUSHVPID_SINGLE_CONTEXT
00:00:02.559335 HM: Enabled VMX-preemption timer (cPreemptTimerShift=5)
00:00:02.559336 HM: VT-x/AMD-V init method: LOCAL
00:00:02.559337 VMM: fUsePeriodicPreemptionTimers=false
00:00:02.559389 CPUM: Logical host processors: 4 present, 4 max, 4 online, online mask: 000000000000000f
00:00:02.559391 CPUM: Physical host cores: 2
00:00:02.559391 ************************* CPUID dump ************************
00:00:02.559406          Raw Standard CPUID Leaves
00:00:02.559407      Leaf/sub-leaf  eax      ebx      ecx      edx
00:00:02.559408 Gst: 00000000/0000  0000000d 756e6547 6c65746e 49656e69
00:00:02.559410 Hst:                0000000d 756e6547 6c65746e 49656e69
00:00:02.559411 Gst: 00000001/0000  000306a9 00000800 569a220b 078bfbbf
00:00:02.559412 Hst:                000306a9 02100800 7fbae3bf bfebfbff
00:00:02.559413 Gst: 00000002/0000  76035a01 00f0b2ff 00000000 00ca0000
00:00:02.559415 Hst:                76035a01 00f0b2ff 00000000 00ca0000
00:00:02.559416 Gst: 00000003/0000  00000000 00000000 00000000 00000000
00:00:02.559417 Hst:                00000000 00000000 00000000 00000000
00:00:02.559418 Gst: 00000004/0000  00000121 01c0003f 0000003f 00000000
00:00:02.559419 Hst:                1c004121 01c0003f 0000003f 00000000
00:00:02.559420 Gst: 00000004/0001  00000122 01c0003f 0000003f 00000000
00:00:02.559421 Hst:                1c004122 01c0003f 0000003f 00000000
00:00:02.559422 Gst: 00000004/0002  00000143 01c0003f 000001ff 00000000
00:00:02.559423 Hst:                1c004143 01c0003f 000001ff 00000000
00:00:02.559424 Gst: 00000004/0003  00000163 02c0003f 00000fff 00000006
00:00:02.559425 Hst:                1c03c163 02c0003f 00000fff 00000006
00:00:02.559426 Gst: 00000004/0004  00000000 00000000 00000000 00000000
00:00:02.559427 Hst:                00000000 00000000 00000000 00000000
00:00:02.559427 Gst: 00000005/0000  00000040 00000040 00000000 00000000
00:00:02.559428 Hst:                00000040 00000040 00000003 00021120
00:00:02.559429 Gst: 00000006/0000  00000000 00000000 00000000 00000000
00:00:02.559430 Hst:                00000077 00000002 00000009 00000000
00:00:02.559431 Gst: 00000007/0000  00000000 00000001 00000000 00000000
00:00:02.559432 Hst:                00000000 00000281 00000000 00000000
00:00:02.559432 Gst: 00000007/0001  00000000 00000000 00000000 00000000
00:00:02.559433 Hst:                00000000 00000000 00000000 00000000
00:00:02.559434 Gst: 00000008/0000  00000000 00000000 00000000 00000000
00:00:02.559435 Hst:                00000000 00000000 00000000 00000000
00:00:02.559435 Gst: 00000009/0000  00000000 00000000 00000000 00000000
00:00:02.559436 Hst:                00000000 00000000 00000000 00000000
00:00:02.559437 Gst: 0000000a/0000  00000000 00000000 00000000 00000000
00:00:02.559437 Hst:                07300403 00000000 00000000 00000603
00:00:02.559438 Gst: 0000000b/0000  00000000 00000001 00000100 00000000
00:00:02.559439 Hst:                00000001 00000002 00000100 00000002
00:00:02.559449 Gst: 0000000b/0001  00000001 00000001 00000201 00000000
00:00:02.559449 Hst:                00000004 00000004 00000201 00000002
00:00:02.559450 Gst: 0000000b/0002  00000000 00000000 00000002 00000000
00:00:02.559451 Hst:                00000000 00000000 00000002 00000002
00:00:02.559451 Gst: 0000000c/0000  00000000 00000000 00000000 00000000
00:00:02.559452 Hst:                00000000 00000000 00000000 00000000
00:00:02.559453 Gst: 0000000d/0000  00000007 00000340 00000340 00000000
00:00:02.559454 Hst:                00000007 00000340 00000340 00000000
00:00:02.559454 Gst: 0000000d/0001  00000000 00000000 00000000 00000000
00:00:02.559455 Hst:                00000001 00000000 00000000 00000000
00:00:02.559456 Gst: 0000000d/0002  00000100 00000240 00000000 00000000
00:00:02.559456 Hst:                00000100 00000240 00000000 00000000
00:00:02.559457 Gst: 0000000d/0003  00000000 00000000 00000000 00000000
00:00:02.559458 Hst:                00000000 00000000 00000000 00000000
00:00:02.559471                                Name: GenuineIntel
00:00:02.559472                            Supports: 0x00000000-0x0000000d
00:00:02.559475                              Family:  6 	Extended: 0 	Effective: 6
00:00:02.559476                               Model: 10 	Extended: 3 	Effective: 58
00:00:02.559477                            Stepping: 9
00:00:02.559478                                Type: 0 (primary)
00:00:02.559479                             APIC ID: 0x00
00:00:02.559479                        Logical CPUs: 0
00:00:02.559480                        CLFLUSH Size: 8
00:00:02.559481                            Brand ID: 0x00
00:00:02.559482 Features
00:00:02.559482   Mnemonic - Description                                  = guest (host)
00:00:02.559483   FPU - x87 FPU on Chip                                   = 1 (1)
00:00:02.559484   VME - Virtual 8086 Mode Enhancements                    = 1 (1)
00:00:02.559485   DE - Debugging extensions                               = 1 (1)
00:00:02.559486   PSE - Page Size Extension                               = 1 (1)
00:00:02.559487   TSC - Time Stamp Counter                                = 1 (1)
00:00:02.559488   MSR - Model Specific Registers                          = 1 (1)
00:00:02.559490   PAE - Physical Address Extension                        = 0 (1)
00:00:02.559490   MCE - Machine Check Exception                           = 1 (1)
00:00:02.559491   CX8 - CMPXCHG8B instruction                             = 1 (1)
00:00:02.559492   APIC - APIC On-Chip                                     = 1 (1)
00:00:02.559494   SEP - SYSENTER and SYSEXIT Present                      = 1 (1)
00:00:02.559494   MTRR - Memory Type Range Registers                      = 1 (1)
00:00:02.559495   PGE - PTE Global Bit                                    = 1 (1)
00:00:02.559497   MCA - Machine Check Architecture                        = 1 (1)
00:00:02.559497   CMOV - Conditional Move instructions                    = 1 (1)
00:00:02.559498   PAT - Page Attribute Table                              = 1 (1)
00:00:02.559499   PSE-36 - 36-bit Page Size Extension                     = 1 (1)
00:00:02.559500   PSN - Processor Serial Number                           = 0 (0)
00:00:02.559501   CLFSH - CLFLUSH instruction                             = 1 (1)
00:00:02.559502   DS - Debug Store                                        = 0 (1)
00:00:02.559503   ACPI - Thermal Mon. & Soft. Clock Ctrl.                 = 0 (1)
00:00:02.559504   MMX - Intel MMX Technology                              = 1 (1)
00:00:02.559505   FXSR - FXSAVE and FXRSTOR instructions                  = 1 (1)
00:00:02.559506   SSE - SSE support                                       = 1 (1)
00:00:02.559507   SSE2 - SSE2 support                                     = 1 (1)
00:00:02.559509   SS - Self Snoop                                         = 0 (1)
00:00:02.559510   HTT - Hyper-Threading Technology                        = 0 (1)
00:00:02.559511   TM - Therm. Monitor                                     = 0 (1)
00:00:02.559512   PBE - Pending Break Enabled                             = 0 (1)
00:00:02.559513   SSE3 - SSE3 support                                     = 1 (1)
00:00:02.559514   PCLMUL - PCLMULQDQ support (for AES-GCM)                = 1 (1)
00:00:02.559515   DTES64 - DS Area 64-bit Layout                          = 0 (1)
00:00:02.559516   MONITOR - MONITOR/MWAIT instructions                    = 1 (1)
00:00:02.559517   CPL-DS - CPL Qualified Debug Store                      = 0 (1)
00:00:02.559518   VMX - Virtual Machine Extensions                        = 0 (1)
00:00:02.559519   SMX - Safer Mode Extensions                             = 0 (0)
00:00:02.559520   EST - Enhanced SpeedStep Technology                     = 0 (1)
00:00:02.559521   TM2 - Terminal Monitor 2                                = 0 (1)
00:00:02.559522   SSSE3 - Supplemental Streaming SIMD Extensions 3        = 1 (1)
00:00:02.559523   CNTX-ID - L1 Context ID                                 = 0 (0)
00:00:02.559524   SDBG - Silicon Debug interface                          = 0 (0)
00:00:02.559525   FMA - Fused Multiply Add extensions                     = 0 (0)
00:00:02.559525   CX16 - CMPXCHG16B instruction                           = 1 (1)
00:00:02.559526   TPRUPDATE - xTPR Update Control                         = 0 (1)
00:00:02.559527   PDCM - Perf/Debug Capability MSR                        = 0 (1)
00:00:02.559528   PCID - Process Context Identifiers                      = 1 (1)
00:00:02.559529   DCA - Direct Cache Access                               = 0 (0)
00:00:02.559530   SSE4_1 - SSE4_1 support                                 = 1 (1)
00:00:02.559531   SSE4_2 - SSE4_2 support                                 = 1 (1)
00:00:02.559532   X2APIC - x2APIC support                                 = 0 (1)
00:00:02.559533   MOVBE - MOVBE instruction                               = 0 (0)
00:00:02.559534   POPCNT - POPCNT instruction                             = 1 (1)
00:00:02.559535   TSCDEADL - Time Stamp Counter Deadline                  = 0 (1)
00:00:02.559536   AES - AES instructions                                  = 1 (1)
00:00:02.559537   XSAVE - XSAVE instruction                               = 1 (1)
00:00:02.559538   OSXSAVE - OSXSAVE instruction                           = 0 (1)
00:00:02.559539   AVX - AVX support                                       = 1 (1)
00:00:02.559540   F16C - 16-bit floating point conversion instructions    = 0 (1)
00:00:02.559541   RDRAND - RDRAND instruction                             = 1 (1)
00:00:02.559542   HVP - Hypervisor Present (we're a guest)                = 0 (0)
00:00:02.559543 Structured Extended Feature Flags Enumeration (leaf 7):
00:00:02.559543   Mnemonic - Description                                  = guest (host)
00:00:02.559544   FSGSBASE - RDFSBASE/RDGSBASE/WRFSBASE/WRGSBASE instr.   = 1 (1)
00:00:02.559545   TSCADJUST - Supports MSR_IA32_TSC_ADJUST                = 0 (0)
00:00:02.559545   SGX - Supports Software Guard Extensions                = 0 (0)
00:00:02.559546   BMI1 - Advanced Bit Manipulation extension 1            = 0 (0)
00:00:02.559547   HLE - Hardware Lock Elision                             = 0 (0)
00:00:02.559548   AVX2 - Advanced Vector Extensions 2                     = 0 (0)
00:00:02.559549   FDP_EXCPTN_ONLY - FPU DP only updated on exceptions     = 0 (0)
00:00:02.559550   SMEP - Supervisor Mode Execution Prevention             = 0 (1)
00:00:02.559551   BMI2 - Advanced Bit Manipulation extension 2            = 0 (0)
00:00:02.559551   ERMS - Enhanced REP MOVSB/STOSB instructions            = 0 (1)
00:00:02.559552   INVPCID - INVPCID instruction                           = 0 (0)
00:00:02.559553   RTM - Restricted Transactional Memory                   = 0 (0)
00:00:02.559554   PQM - Platform Quality of Service Monitoring            = 0 (0)
00:00:02.559555   DEPFPU_CS_DS - Deprecates FPU CS, FPU DS values if set  = 0 (0)
00:00:02.559556   MPE - Intel Memory Protection Extensions                = 0 (0)
00:00:02.559557   PQE - Platform Quality of Service Enforcement           = 0 (0)
00:00:02.559557   AVX512F - AVX512 Foundation instructions                = 0 (0)
00:00:02.559558   RDSEED - RDSEED instruction                             = 0 (0)
00:00:02.559559   ADX - ADCX/ADOX instructions                            = 0 (0)
00:00:02.559560   SMAP - Supervisor Mode Access Prevention                = 0 (0)
00:00:02.559561   CLFLUSHOPT - CLFLUSHOPT (Cache Line Flush) instruction  = 0 (0)
00:00:02.559562   INTEL_PT - Intel Processor Trace                        = 0 (0)
00:00:02.559563   AVX512PF - AVX512 Prefetch instructions                 = 0 (0)
00:00:02.559564   AVX512ER - AVX512 Exponential & Reciprocal instructions = 0 (0)
00:00:02.559565   AVX512CD - AVX512 Conflict Detection instructions       = 0 (0)
00:00:02.559565   SHA - Secure Hash Algorithm extensions                  = 0 (0)
00:00:02.559566   PREFETCHWT1 - PREFETCHWT1 instruction                   = 0 (0)
00:00:02.559567   UMIP - User mode insturction prevention                 = 0 (0)
00:00:02.559568   PKU - Protection Key for Usermode pages                 = 0 (0)
00:00:02.559569   OSPKE - CR4.PKU mirror                                  = 0 (0)
00:00:02.559570   MAWAU - Value used by BNDLDX & BNDSTX                   = 0x0 (0x0)
00:00:02.559571   RDPID - Read processor ID support                       = 0 (0)
00:00:02.559572   SGX_LC - Supports SGX Launch Configuration              = 0 (0)
00:00:02.559574 Processor Extended State Enumeration (leaf 0xd):
00:00:02.559574    XSAVE area cur/max size by XCR0, guest: 0x340/0x340
00:00:02.559575     XSAVE area cur/max size by XCR0, host: 0x340/0x340
00:00:02.559576                    Valid XCR0 bits, guest: 0x00000000`00000007 ( x87 SSE YMM_Hi128 )
00:00:02.559577                     Valid XCR0 bits, host: 0x00000000`00000007 ( x87 SSE YMM_Hi128 )
00:00:02.559580                     XSAVE features, guest:
00:00:02.559581                      XSAVE features, host: XSAVEOPT
00:00:02.559582       XSAVE area cur size XCR0|XSS, guest: 0x0
00:00:02.559583        XSAVE area cur size XCR0|XSS, host: 0x0
00:00:02.559583                Valid IA32_XSS bits, guest: 0x00000000`00000000
00:00:02.559584                 Valid IA32_XSS bits, host: 0x00000000`00000000
00:00:02.559585   State #2, guest: off=0x0240, cb=0x0100 IA32_XSS-bit -- YMM_Hi128
00:00:02.559586   State #2, host:  off=0x0240, cb=0x0100 IA32_XSS-bit -- YMM_Hi128
00:00:02.559594          Raw Extended CPUID Leaves
00:00:02.559595      Leaf/sub-leaf  eax      ebx      ecx      edx
00:00:02.559595 Gst: 80000000/0000  80000008 00000000 00000000 00000000
00:00:02.559596 Hst:                80000008 00000000 00000000 00000000
00:00:02.559597 Gst: 80000001/0000  00000000 00000000 00000001 08000000
00:00:02.559598 Hst:                00000000 00000000 00000001 28100800
00:00:02.559599 Gst: 80000002/0000  20202020 49202020 6c65746e 20295228
00:00:02.559600 Hst:                20202020 49202020 6c65746e 20295228
00:00:02.559602 Gst: 80000003/0000  65726f43 294d5428 2d356920 30333233
00:00:02.559603 Hst:                65726f43 294d5428 2d356920 30333233
00:00:02.559604 Gst: 80000004/0000  5043204d 20402055 30362e32 007a4847
00:00:02.559605 Hst:                5043204d 20402055 30362e32 007a4847
00:00:02.559606 Gst: 80000005/0000  00000000 00000000 00000000 00000000
00:00:02.559607 Hst:                00000000 00000000 00000000 00000000
00:00:02.559608 Gst: 80000006/0000  00000000 00000000 01006040 00000000
00:00:02.559608 Hst:                00000000 00000000 01006040 00000000
00:00:02.559609 Gst: 80000007/0000  00000000 00000000 00000000 00000100
00:00:02.559610 Hst:                00000000 00000000 00000000 00000100
00:00:02.559611 Gst: 80000008/0000  00003024 00000000 00000000 00000000
00:00:02.559612 Hst:                00003024 00000000 00000000 00000000
00:00:02.559612 Ext Name:                        
00:00:02.559613 Ext Supports:                    0x80000000-0x80000008
00:00:02.559614 Family:                          0  	Extended: 0 	Effective: 0
00:00:02.559614 Model:                           0  	Extended: 0 	Effective: 0
00:00:02.559615 Stepping:                        0
00:00:02.559615 Brand ID:                        0x000
00:00:02.559616 Ext Features
00:00:02.559616   Mnemonic - Description                                  = guest (host)
00:00:02.559617   FPU - x87 FPU on Chip                                   = 0 (0)
00:00:02.559618   VME - Virtual 8086 Mode Enhancements                    = 0 (0)
00:00:02.559619   DE - Debugging extensions                               = 0 (0)
00:00:02.559620   PSE - Page Size Extension                               = 0 (0)
00:00:02.559621   TSC - Time Stamp Counter                                = 0 (0)
00:00:02.559622   MSR - K86 Model Specific Registers                      = 0 (0)
00:00:02.559623   PAE - Physical Address Extension                        = 0 (0)
00:00:02.559624   MCE - Machine Check Exception                           = 0 (0)
00:00:02.559624   CX8 - CMPXCHG8B instruction                             = 0 (0)
00:00:02.559625   APIC - APIC On-Chip                                     = 0 (0)
00:00:02.559626   SEP - SYSCALL/SYSRET                                    = 0 (1)
00:00:02.559628   MTRR - Memory Type Range Registers                      = 0 (0)
00:00:02.559628   PGE - PTE Global Bit                                    = 0 (0)
00:00:02.559629   MCA - Machine Check Architecture                        = 0 (0)
00:00:02.559630   CMOV - Conditional Move instructions                    = 0 (0)
00:00:02.559631   PAT - Page Attribute Table                              = 0 (0)
00:00:02.559632   PSE-36 - 36-bit Page Size Extension                     = 0 (0)
00:00:02.559633   NX - No-Execute/Execute-Disable                         = 0 (1)
00:00:02.559634   AXMMX - AMD Extensions to MMX instructions              = 0 (0)
00:00:02.559635   MMX - Intel MMX Technology                              = 0 (0)
00:00:02.559636   FXSR - FXSAVE and FXRSTOR Instructions                  = 0 (0)
00:00:02.559637   FFXSR - AMD fast FXSAVE and FXRSTOR instructions        = 0 (0)
00:00:02.559638   Page1GB - 1 GB large page                               = 0 (0)
00:00:02.559639   RDTSCP - RDTSCP instruction                             = 1 (1)
00:00:02.559640   LM - AMD64 Long Mode                                    = 0 (1)
00:00:02.559641   3DNOWEXT - AMD Extensions to 3DNow                      = 0 (0)
00:00:02.559641   3DNOW - AMD 3DNow                                       = 0 (0)
00:00:02.559643   LahfSahf - LAHF/SAHF support in 64-bit mode             = 1 (1)
00:00:02.559643   CmpLegacy - Core multi-processing legacy mode           = 0 (0)
00:00:02.559644   SVM - AMD Secure Virtual Machine extensions             = 0 (0)
00:00:02.559645   EXTAPIC - AMD Extended APIC registers                   = 0 (0)
00:00:02.559646   CR8L - AMD LOCK MOV CR0 means MOV CR8                   = 0 (0)
00:00:02.559647   ABM - AMD Advanced Bit Manipulation                     = 0 (0)
00:00:02.559648   SSE4A - SSE4A instructions                              = 0 (0)
00:00:02.559649   MISALIGNSSE - AMD Misaligned SSE mode                   = 0 (0)
00:00:02.559650   3DNOWPRF - AMD PREFETCH and PREFETCHW instructions      = 0 (0)
00:00:02.559651   OSVW - AMD OS Visible Workaround                        = 0 (0)
00:00:02.559651   IBS - Instruct Based Sampling                           = 0 (0)
00:00:02.559652   XOP - Extended Operation support                        = 0 (0)
00:00:02.559653   SKINIT - SKINIT, STGI, and DEV support                  = 0 (0)
00:00:02.559654   WDT - AMD Watchdog Timer support                        = 0 (0)
00:00:02.559655   LWP - Lightweight Profiling support                     = 0 (0)
00:00:02.559656   FMA4 - Four operand FMA instruction support             = 0 (0)
00:00:02.559657   NodeId - NodeId in MSR C001_100C                        = 0 (0)
00:00:02.559658   TBM - Trailing Bit Manipulation instructions            = 0 (0)
00:00:02.559659   TOPOEXT - Topology Extensions                           = 0 (0)
00:00:02.559660 Full Name:                       "       Intel(R) Core(TM) i5-3230M CPU @ 2.60GHz"
00:00:02.559661 TLB 2/4M Instr/Uni:              res0     0 entries
00:00:02.559661 TLB 2/4M Data:                   res0     0 entries
00:00:02.559662 TLB 4K Instr/Uni:                res0     0 entries
00:00:02.559662 TLB 4K Data:                     res0     0 entries
00:00:02.559663 L1 Instr Cache Line Size:        0 bytes
00:00:02.559663 L1 Instr Cache Lines Per Tag:    0
00:00:02.559664 L1 Instr Cache Associativity:    res0  
00:00:02.559664 L1 Instr Cache Size:             0 KB
00:00:02.559665 L1 Data Cache Line Size:         0 bytes
00:00:02.559665 L1 Data Cache Lines Per Tag:     0
00:00:02.559665 L1 Data Cache Associativity:     res0  
00:00:02.559666 L1 Data Cache Size:              0 KB
00:00:02.559666 L2 TLB 2/4M Instr/Uni:           off       0 entries
00:00:02.559667 L2 TLB 2/4M Data:                off       0 entries
00:00:02.559667 L2 TLB 4K Instr/Uni:             off       0 entries
00:00:02.559668 L2 TLB 4K Data:                  off       0 entries
00:00:02.559668 L2 Cache Line Size:              0 bytes
00:00:02.559669 L2 Cache Lines Per Tag:          0
00:00:02.559669 L2 Cache Associativity:          off   
00:00:02.559669 L2 Cache Size:                   0 KB
00:00:02.559670 APM Features:                    TscInvariant
00:00:02.559671 Host Invariant-TSC support:      true 
00:00:02.559672 Physical Address Width:          36 bits
00:00:02.559672 Virtual Address Width:           48 bits
00:00:02.559672 Guest Physical Address Width:    0 bits
00:00:02.559673 Physical Core Count:             1
00:00:02.559674 
00:00:02.559674 ******************** End of CPUID dump **********************
00:00:02.579744 APIC: fPostedIntrsEnabled=false fVirtApicRegsEnabled=false fSupportsTscDeadline=false
00:00:02.579772 TMR3UtcNow: nsNow=1 535 554 808 148 149 500 nsPrev=0 -> cNsDelta=1 535 554 808 148 149 500 (offLag=0 offVirtualSync=0 offVirtualSyncGivenUp=0, NowAgain=1 535 554 808 148 149 500)
00:00:02.579788 VMEmt: Halt method global1 (5)
00:00:02.579798 VMEmt: HaltedGlobal1 config: cNsSpinBlockThresholdCfg=50000
00:00:02.579802 Changing the VM state from 'CREATING' to 'CREATED'
00:00:02.580588 Changing the VM state from 'CREATED' to 'POWERING_ON'
00:00:02.580930 Changing the VM state from 'POWERING_ON' to 'RUNNING'
00:00:02.580949 Console: Machine state changed to 'Running'
00:00:02.583519 VMMDev: Guest Log: BIOS: VirtualBox 5.2.8
00:00:02.583640 PCI: setting up resources and interrupts
00:00:02.593338 SUP: Loaded VBoxEhciR0.r0 (F:\vbox\install\ExtensionPacks\Oracle_VM_VirtualBox_Extension_Pack\win.amd64\VBoxEhciR0.r0) at 0xXXXXXXXXXXXXXXXX - ModuleInit at XXXXXXXXXXXXXXXX and ModuleTerm at XXXXXXXXXXXXXXXX using the native ring-0 loader
00:00:02.593353 SUP: windbg> .reload /f F:\vbox\install\ExtensionPacks\Oracle_VM_VirtualBox_Extension_Pack\win.amd64\VBoxEhciR0.r0=0xXXXXXXXXXXXXXXXX
00:00:02.593423 PIT: mode=2 count=0x10000 (65536) - 18.20 Hz (ch=0)
00:00:02.603898 Display::handleDisplayResize: uScreenId=0 pvVRAM=0000000000000000 w=720 h=400 bpp=0 cbLine=0x0 flags=0x0
00:00:02.603978 GUI: UIFrameBufferPrivate::NotifyChange: Screen=0, Origin=0x0, Size=720x400, Sending to async-handler
00:00:02.604751 VMMDev: Guest Log: CPUID EDX: 0x078bfbbf
00:00:02.604810 PIIX3 ATA: Ctl#1: RESET, DevSel=0 AIOIf=0 CmdIf0=0x00 (-1 usec ago) CmdIf1=0x00 (-1 usec ago)
00:00:02.604857 PIIX3 ATA: Ctl#1: finished processing RESET
00:00:02.613145 PIT: mode=2 count=0x48d3 (18643) - 64.00 Hz (ch=0)
00:00:02.629370 Display::handleDisplayResize: uScreenId=0 pvVRAM=0000000007fd0000 w=640 h=480 bpp=32 cbLine=0xA00 flags=0x0
00:00:02.629538 GUI: UIFrameBufferPrivate::NotifyChange: Screen=0, Origin=0x0, Size=640x480, Sending to async-handler
00:00:03.081468 GUI: UIMachineViewNormal::resendSizeHint: Restoring guest size-hint for screen 0 to 800x600
00:00:03.081514 VMMDev: SetVideoModeHint: Got a video mode hint (800x600x32)@(0x0),(1;0) at 0
00:00:03.081550 GUI: UIMachineView::sltHandleNotifyChange: Screen=0, Size=720x400
00:00:03.081556 GUI: UIFrameBufferPrivate::handleNotifyChange: Size=720x400
00:00:03.081561 GUI: UIFrameBufferPrivate::performResize: Size=720x400, Directly using source bitmap content
00:00:03.081757 GUI: UIMachineView::sltHandleNotifyChange: Screen=0, Size=640x480
00:00:03.081766 GUI: UIFrameBufferPrivate::handleNotifyChange: Size=640x480
00:00:03.083235 GUI: 2D video acceleration is disabled
00:00:03.083262 GUI: HID LEDs sync is enabled
00:00:03.089964 GUI: UIMachineLogicNormal::sltCheckForRequestedVisualStateType: Requested-state=0, Machine-state=5
00:00:05.092913 PIT: mode=2 count=0x10000 (65536) - 18.20 Hz (ch=0)
00:00:05.093153 VMMDev: Guest Log: BIOS: Boot : bseqnr=1, bootseq=0231
00:00:05.097183 Display::handleDisplayResize: uScreenId=0 pvVRAM=0000000000000000 w=720 h=400 bpp=0 cbLine=0x0 flags=0x0
00:00:05.097251 GUI: UIFrameBufferPrivate::NotifyChange: Screen=0, Origin=0x0, Size=720x400, Sending to async-handler
00:00:05.097328 GUI: UIMachineView::sltHandleNotifyChange: Screen=0, Size=720x400
00:00:05.097346 GUI: UIFrameBufferPrivate::handleNotifyChange: Size=720x400
00:00:05.097367 GUI: UIFrameBufferPrivate::performResize: Size=720x400, Directly using source bitmap content
00:00:05.114264 VMMDev: Guest Log: BIOS: Booting from Floppy...
00:00:05.204499 Display::handleDisplayResize: uScreenId=0 pvVRAM=0000000007fd0000 w=640 h=400 bpp=0 cbLine=0x140 flags=0x0
00:00:05.204602 GUI: UIFrameBufferPrivate::NotifyChange: Screen=0, Origin=0x0, Size=640x400, Sending to async-handler
00:00:05.204662 GUI: UIMachineView::sltHandleNotifyChange: Screen=0, Size=640x400
00:00:05.204675 GUI: UIFrameBufferPrivate::handleNotifyChange: Size=640x400
00:00:05.204834 GUI: UIFrameBufferPrivate::performResize: Size=640x400, Directly using source bitmap content
00:00:11.309058 Changing the VM state from 'RUNNING' to 'SUSPENDING'
00:00:11.326255 PDMR3Suspend: 17 165 035 ns run time
00:00:11.326284 Changing the VM state from 'SUSPENDING' to 'SUSPENDED'
00:00:11.326301 Console: Machine state changed to 'Paused'
00:00:12.080759 GUI: Request for close-action to power VM off.
00:00:12.080780 GUI: Passing request to power VM off from machine-logic to UI session.
00:00:12.080784 GUI: Powering VM down on UI session power off request...
00:00:12.081066 Console: Machine state changed to 'Stopping'
00:00:12.081325 Console::powerDown(): A request to power off the VM has been issued (mMachineState=Stopping, InUninit=0)
00:00:12.081347 Display::handleDisplayResize: uScreenId=0 pvVRAM=0000000007fd0000 w=640 h=400 bpp=32 cbLine=0x140 flags=0x0
00:00:12.081389 GUI: UIFrameBufferPrivate::NotifyChange: Screen=0, Origin=0x0, Size=640x400, Sending to async-handler
00:00:12.081609 Changing the VM state from 'SUSPENDED' to 'POWERING_OFF'
00:00:12.081624 ****************** Guest state at power off for VCpu 0 ******************
00:00:12.081636 Guest CPUM (VCPU 0) state: 
00:00:12.081641 eax=00000000 ebx=000000fa ecx=0030fc94 edx=0030fca4 esi=00000ff0 edi=00310968
00:00:12.081644 eip=000001f1 esp=0030fc90 ebp=0030fffc iopl=0         nv up ei pl nz na po nc
00:00:12.081646 cs={0010 base=0000000000280000 limit=0007ffff flags=0000409b} dr0=00000000 dr1=00000000
00:00:12.081649 ds={0008 base=0000000000000000 limit=ffffffff flags=0000c093} dr2=00000000 dr3=00000000
00:00:12.081652 es={0008 base=0000000000000000 limit=ffffffff flags=0000c093} dr4=00000000 dr5=00000000
00:00:12.081654 fs={0008 base=0000000000000000 limit=ffffffff flags=0000c093} dr6=ffff0ff0 dr7=00000400
00:00:12.081655 gs={0008 base=0000000000000000 limit=ffffffff flags=0000c093} cr0=00000011 cr2=00000000
00:00:12.081657 ss={0008 base=0000000000000000 limit=ffffffff flags=0000c093} cr3=00000000 cr4=00000000
00:00:12.081658 gdtr=0000000000270000:ffff  idtr=000000000026f800:07ff  eflags=00200246
00:00:12.081660 ldtr={0000 base=00000000 limit=0000ffff flags=00000082}
00:00:12.081661 tr  ={0000 base=00000000 limit=0000ffff flags=0000008b}
00:00:12.081662 SysEnter={cs=0000 eip=00000000 esp=00000000}
00:00:12.081663 xcr=0000000000000001 xcr1=0000000000000000 xss=0000000000000000 (fXStateMask=0000000000000000)
00:00:12.081665 FCW=037f FSW=0000 FTW=0000 FOP=0000 MXCSR=00001f80 MXCSR_MASK=0000ffff
00:00:12.081667 FPUIP=00000000 CS=0000 Rsrvd1=0000  FPUDP=00000000 DS=0000 Rsvrd2=0000
00:00:12.081669 ST(0)=FPR0={0000'00000000'00000000} t0 +0.0000000000000000000000 * 2 ^ -16383 (*)
00:00:12.081673 ST(1)=FPR1={0000'00000000'00000000} t0 +0.0000000000000000000000 * 2 ^ -16383 (*)
00:00:12.081676 ST(2)=FPR2={0000'00000000'00000000} t0 +0.0000000000000000000000 * 2 ^ -16383 (*)
00:00:12.081678 ST(3)=FPR3={0000'00000000'00000000} t0 +0.0000000000000000000000 * 2 ^ -16383 (*)
00:00:12.081681 ST(4)=FPR4={0000'00000000'00000000} t0 +0.0000000000000000000000 * 2 ^ -16383 (*)
00:00:12.081683 ST(5)=FPR5={0000'00000000'00000000} t0 +0.0000000000000000000000 * 2 ^ -16383 (*)
00:00:12.081684 ST(6)=FPR6={0000'00000000'00000000} t0 +0.0000000000000000000000 * 2 ^ -16383 (*)
00:00:12.081686 ST(7)=FPR7={0000'00000000'00000000} t0 +0.0000000000000000000000 * 2 ^ -16383 (*)
00:00:12.081688 XMM0 =00000000'00000000'00000000'00000000  XMM1 =00000000'00000000'00000000'00000000
00:00:12.081690 XMM2 =00000000'00000000'00000000'00000000  XMM3 =00000000'00000000'00000000'00000000
00:00:12.081691 XMM4 =00000000'00000000'00000000'00000000  XMM5 =00000000'00000000'00000000'00000000
00:00:12.081694 XMM6 =00000000'00000000'00000000'00000000  XMM7 =00000000'00000000'00000000'00000000
00:00:12.081696 XMM8 =00000000'00000000'00000000'00000000  XMM9 =00000000'00000000'00000000'00000000
00:00:12.081699 XMM10=00000000'00000000'00000000'00000000  XMM11=00000000'00000000'00000000'00000000
00:00:12.081702 XMM12=00000000'00000000'00000000'00000000  XMM13=00000000'00000000'00000000'00000000
00:00:12.081705 XMM14=00000000'00000000'00000000'00000000  XMM15=00000000'00000000'00000000'00000000
00:00:12.081708 EFER         =0000000000000000
00:00:12.081709 PAT          =0007040600070406
00:00:12.081710 STAR         =0000000000000000
00:00:12.081710 CSTAR        =0000000000000000
00:00:12.081711 LSTAR        =0000000000000000
00:00:12.081712 SFMASK       =0000000000000000
00:00:12.081712 KERNELGSBASE =0000000000000000
00:00:12.081715 ***
00:00:12.081718 VCPU[0] hardware virtualization state:
00:00:12.081719 No/inactive hwvirt state
00:00:12.081720 ***
00:00:12.081723 Guest paging mode (VCPU #0):  Protected (changed 6 times), A20 enabled (changed 2 times)
00:00:12.081726 Shadow paging mode (VCPU #0): EPT
00:00:12.081726 Host paging mode:              AMD64+G+NX
00:00:12.081727 ***
00:00:12.081729 Active Timers (pVM=00000000056f0000)
00:00:12.081730 pTimerR3         offNext  offPrev  offSched Clock               Time             Expire HzHint State                     Description
00:00:12.081734 0000000005d45820 000201e0 00000000 00000000 Real           184734521          184733752      0 2-ACTIVE                  VGA Refresh Timer
00:00:12.081742 0000000005d65a00 ffffff80 fffdfe20 00000000 Real           184734521          184733772      0 2-ACTIVE                  EMT Yielder
00:00:12.081746 0000000005d65980 00000000 00000080 00000000 Real           184734521          184734012      0 2-ACTIVE                  CPU Load Timer
00:00:12.081749 0000000005d411b0 000005e0 00000000 00000000 VrSy          8727572929         8772800325     18 2-ACTIVE                  i8254 Programmable Interval Timer
00:00:12.081753 0000000005d41790 00023fd0 fffffa20 00000000 VrSy          8727572929         8990000000      0 2-ACTIVE                  MC146818 RTC/CMOS - Second
00:00:12.081756 0000000005d65760 00000000 fffdc030 00000000 VrSy          8727572929       599932015941      0 2-ACTIVE                  ACPI PM Timer
00:00:12.081761 ***
00:00:12.081764 ************** End of Guest state at power off ***************
00:00:12.081876 PDMR3PowerOff: 91 326 ns run time
00:00:12.081894 Changing the VM state from 'POWERING_OFF' to 'OFF'
00:00:12.084192 Changing the VM state from 'OFF' to 'DESTROYING'
00:00:12.084247 ************************* Statistics *************************
00:00:12.084327 /CPUM/MSR-Totals/Reads                  0 times
00:00:12.084337 /CPUM/MSR-Totals/ReadsRaisingGP         0 times
00:00:12.084343 /CPUM/MSR-Totals/ReadsUnknown           0 times
00:00:12.084348 /CPUM/MSR-Totals/Writes                 0 times
00:00:12.084352 /CPUM/MSR-Totals/WritesRaisingGP        0 times
00:00:12.084357 /CPUM/MSR-Totals/WritesToIgnoredBits        0 times
00:00:12.084362 /CPUM/MSR-Totals/WritesUnknown          0 times
00:00:12.084367 /Devices/I820780/Port0/QueryBufAttempts        0 count
00:00:12.084372 /Devices/I820780/Port0/QueryBufSuccess        0 count
00:00:12.084380 /Devices/I820780/Port0/ReadBytes   184320 bytes
00:00:12.084387 /Devices/I820780/Port0/ReqsRead       360 count
00:00:12.084392 /Devices/I820780/Port0/ReqsSubmitted      360 count
00:00:12.084397 /Devices/I820780/Port0/ReqsSucceeded      360 count
00:00:12.084402 /Devices/IDE0/ATA0/Unit0/AtapiDMA        0 times
00:00:12.084406 /Devices/IDE0/ATA0/Unit0/AtapiPIO        0 times
00:00:12.084411 /Devices/IDE0/ATA0/Unit0/DMA            0 times
00:00:12.084415 /Devices/IDE0/ATA0/Unit0/PIO            0 times
00:00:12.084420 /Devices/IDE0/ATA0/Unit0/ReadBytes        0 bytes
00:00:12.084425 /Devices/IDE0/ATA0/Unit0/WrittenBytes        0 bytes
00:00:12.084429 /Devices/IDE0/ATA0/Unit1/AtapiDMA        0 times
00:00:12.084437 /Devices/IDE0/ATA0/Unit1/AtapiPIO        0 times
00:00:12.084442 /Devices/IDE0/ATA0/Unit1/DMA            0 times
00:00:12.084447 /Devices/IDE0/ATA0/Unit1/PIO            0 times
00:00:12.084452 /Devices/IDE0/ATA0/Unit1/ReadBytes        0 bytes
00:00:12.084457 /Devices/IDE0/ATA0/Unit1/WrittenBytes        0 bytes
00:00:12.084462 /Devices/IDE0/ATA1/Unit0/AtapiDMA        0 times
00:00:12.084478 /Devices/IDE0/ATA1/Unit0/AtapiPIO        0 times
00:00:12.084489 /Devices/IDE0/ATA1/Unit0/DMA            0 times
00:00:12.084497 /Devices/IDE0/ATA1/Unit0/PIO            0 times
00:00:12.084502 /Devices/IDE0/ATA1/Unit0/ReadBytes        0 bytes
00:00:12.084507 /Devices/IDE0/ATA1/Unit0/WrittenBytes        0 bytes
00:00:12.084512 /Devices/IDE0/ATA1/Unit1/AtapiDMA        0 times
00:00:12.084516 /Devices/IDE0/ATA1/Unit1/AtapiPIO        0 times
00:00:12.084521 /Devices/IDE0/ATA1/Unit1/DMA            0 times
00:00:12.084544 /Devices/IDE0/ATA1/Unit1/PIO            0 times
00:00:12.084556 /Devices/IDE0/ATA1/Unit1/ReadBytes        0 bytes
00:00:12.084565 /Devices/IDE0/ATA1/Unit1/WrittenBytes        0 bytes
00:00:12.084571 /Devices/PCNet0/ReceiveBytes            0 bytes
00:00:12.084576 /Devices/PCNet0/TransmitBytes           0 bytes
00:00:12.084582 /Devices/PIIX3IDE0/Port2/QueryBufAttempts        0 count
00:00:12.084586 /Devices/PIIX3IDE0/Port2/QueryBufSuccess        0 count
00:00:12.084592 /Devices/VMMDev/BalloonChunks           0 count
00:00:12.084597 /FT/Checkpoint/Network                  0 times
00:00:12.084602 /FT/Checkpoint/Storage                  0 times
00:00:12.084607 /FT/Received/Mem                        0 bytes
00:00:12.084612 /FT/Received/State                      0 bytes
00:00:12.084618 /FT/Sent/Mem                            0 bytes
00:00:12.084623 /FT/Sent/State                          0 bytes
00:00:12.084628 /FT/Sync/DeltaMem                       0 times
00:00:12.084633 /FT/Sync/DeltaVM                        0 times
00:00:12.084638 /FT/Sync/Full                           0 times
00:00:12.084644 /GMM/VM/Allocated/cBasePages         1057 pages
00:00:12.084649 /GMM/VM/Allocated/cFixedPages           0 pages
00:00:12.084654 /GMM/VM/Allocated/cShadowPages          0 pages
00:00:12.084659 /GMM/VM/Reserved/cBasePages        131230 pages
00:00:12.084664 /GMM/VM/Reserved/cFixedPages         2820 pages
00:00:12.084669 /GMM/VM/Reserved/cShadowPages           1 pages
00:00:12.084674 /GMM/VM/cBalloonedPages                 0 pages
00:00:12.084679 /GMM/VM/cMaxBalloonedPages              0 pages
00:00:12.084683 /GMM/VM/cPrivatePages                1057 pages
00:00:12.084688 /GMM/VM/cReqActuallyBalloonedPages        0 pages
00:00:12.084693 /GMM/VM/cReqBalloonedPages              0 pages
00:00:12.084698 /GMM/VM/cReqDeflatePages                0 pages
00:00:12.084703 /GMM/VM/cShareableModules               0 count
00:00:12.084708 /GMM/VM/cSharedPages                    0 pages
00:00:12.084713 /GMM/VM/enmPolicy                       1 
00:00:12.084719 /GMM/VM/enmPriority                     2 
00:00:12.084724 /GMM/VM/fBallooningEnabled       false    
00:00:12.084729 /GMM/VM/fMayAllocate             true     
00:00:12.084733 /GMM/VM/fSharedPagingEnabled     false    
00:00:12.084738 /GMM/cAllocatedPages                 1057 pages
00:00:12.084743 /GMM/cBalloonedPages                    0 pages
00:00:12.084748 /GMM/cChunks                            3 count
00:00:12.084754 /GMM/cDuplicatePages                    0 pages
00:00:12.084759 /GMM/cFreedChunks                       0 count
00:00:12.084764 /GMM/cLeftBehindSharedPages             0 pages
00:00:12.084769 /GMM/cMaxPages                   4294967295 pages
00:00:12.084775 /GMM/cOverCommittedPages                0 pages
00:00:12.084780 /GMM/cReservedPages                134051 pages
00:00:12.084785 /GMM/cShareableModules                  0 count
00:00:12.084790 /GMM/cSharedPages                       0 pages
00:00:12.084795 /GVMM/EMTs                              1 calls
00:00:12.084800 /GVMM/HostCPUs                          4 calls
00:00:12.084805 /GVMM/HostCpus/0                        0 
00:00:12.084810 /GVMM/HostCpus/0/CurTimerHz             0 Hz
00:00:12.084815 /GVMM/HostCpus/0/DesiredHz              0 Hz
00:00:12.084819 /GVMM/HostCpus/0/PPTChanges             0 times
00:00:12.084824 /GVMM/HostCpus/0/PPTStarts              0 times
00:00:12.084829 /GVMM/HostCpus/0/idxCpuSet              0 
00:00:12.084833 /GVMM/HostCpus/1                        1 
00:00:12.084842 /GVMM/HostCpus/1/CurTimerHz             0 Hz
00:00:12.084850 /GVMM/HostCpus/1/DesiredHz              0 Hz
00:00:12.084855 /GVMM/HostCpus/1/PPTChanges             0 times
00:00:12.084860 /GVMM/HostCpus/1/PPTStarts              0 times
00:00:12.084865 /GVMM/HostCpus/1/idxCpuSet              1 
00:00:12.084869 /GVMM/HostCpus/2                        2 
00:00:12.084875 /GVMM/HostCpus/2/CurTimerHz             0 Hz
00:00:12.084880 /GVMM/HostCpus/2/DesiredHz              0 Hz
00:00:12.084885 /GVMM/HostCpus/2/PPTChanges             0 times
00:00:12.084890 /GVMM/HostCpus/2/PPTStarts              0 times
00:00:12.084895 /GVMM/HostCpus/2/idxCpuSet              2 
00:00:12.084899 /GVMM/HostCpus/3                        3 
00:00:12.084904 /GVMM/HostCpus/3/CurTimerHz             0 Hz
00:00:12.084909 /GVMM/HostCpus/3/DesiredHz              0 Hz
00:00:12.084914 /GVMM/HostCpus/3/PPTChanges             0 times
00:00:12.084918 /GVMM/HostCpus/3/PPTStarts              0 times
00:00:12.084923 /GVMM/HostCpus/3/idxCpuSet              3 
00:00:12.084928 /GVMM/Sum/HaltBlocking                809 calls
00:00:12.084933 /GVMM/Sum/HaltCalls                  5822 calls
00:00:12.084938 /GVMM/Sum/HaltNotBlocking            5013 calls
00:00:12.084943 /GVMM/Sum/HaltTimeouts                266 calls
00:00:12.084948 /GVMM/Sum/HaltWakeUps                   0 calls
00:00:12.084953 /GVMM/Sum/PokeCalls                     1 calls
00:00:12.084958 /GVMM/Sum/PokeNotBusy                   1 calls
00:00:12.084963 /GVMM/Sum/PollCalls                     0 calls
00:00:12.084967 /GVMM/Sum/PollHalts                     0 calls
00:00:12.084972 /GVMM/Sum/PollWakeUps                   0 calls
00:00:12.084977 /GVMM/Sum/WakeUpCalls                 553 calls
00:00:12.084982 /GVMM/Sum/WakeUpNotHalted             163 calls
00:00:12.084987 /GVMM/Sum/WakeUpWakeUps                 0 calls
00:00:12.084991 /GVMM/VM/HaltBlocking                 809 calls
00:00:12.084996 /GVMM/VM/HaltCalls                   5822 calls
00:00:12.085001 /GVMM/VM/HaltNotBlocking             5013 calls
00:00:12.085006 /GVMM/VM/HaltTimeouts                 266 calls
00:00:12.085010 /GVMM/VM/HaltWakeUps                    0 calls
00:00:12.085015 /GVMM/VM/PokeCalls                      1 calls
00:00:12.085020 /GVMM/VM/PokeNotBusy                    1 calls
00:00:12.085025 /GVMM/VM/PollCalls                      0 calls
00:00:12.085030 /GVMM/VM/PollHalts                      0 calls
00:00:12.085035 /GVMM/VM/PollWakeUps                    0 calls
00:00:12.085039 /GVMM/VM/WakeUpCalls                  553 calls
00:00:12.085044 /GVMM/VM/WakeUpNotHalted              163 calls
00:00:12.085048 /GVMM/VM/WakeUpWakeUps                  0 calls
00:00:12.085053 /GVMM/VMs                               1 calls
00:00:12.085058 /HM/CPU0/Exit/HostNmiInGC               0 times
00:00:12.085063 /HM/CPU0/Switch/Preempting              0 times
00:00:12.085067 /IEM/CPU0/CodeTlb-Misses                0 count
00:00:12.085072 /IEM/CPU0/CodeTlb-PhysRev        ffffffffffff9c00 
00:00:12.085077 /IEM/CPU0/CodeTlb-Revision       fffff38000000000 
00:00:12.085082 /IEM/CPU0/CodeTlb-SlowReads             0 
00:00:12.085087 /IEM/CPU0/DataTlb-Misses                0 count
00:00:12.085091 /IEM/CPU0/DataTlb-PhysRev        ffffffffffff9c00 
00:00:12.085096 /IEM/CPU0/DataTlb-Revision       fffff38000000000 
00:00:12.085101 /IEM/CPU0/cInstructions               737 count
00:00:12.085105 /IEM/CPU0/cLongJumps                    0 bytes
00:00:12.085110 /IEM/CPU0/cPendingCommit                0 bytes
00:00:12.085114 /IEM/CPU0/cPotentialExits           73950 count
00:00:12.085119 /IEM/CPU0/cRetAspectNotImplemented        0 count
00:00:12.085123 /IEM/CPU0/cRetErrStatuses               0 count
00:00:12.085128 /IEM/CPU0/cRetInfStatuses               0 count
00:00:12.085133 /IEM/CPU0/cRetInstrNotImplemented        0 count
00:00:12.085138 /IEM/CPU0/cbWritten                139447 bytes
00:00:12.085145 /MM/HyperHeap/cbFree               850592 bytes
00:00:12.085161 /MM/HyperHeap/cbHeap              1048256 bytes
00:00:12.085174 /PDM/BlkCache/cbCached                  0 bytes
00:00:12.085180 /PDM/BlkCache/cbCachedFru               0 bytes
00:00:12.085185 /PDM/BlkCache/cbCachedMruIn             0 bytes
00:00:12.085190 /PDM/BlkCache/cbCachedMruOut            0 bytes
00:00:12.085195 /PDM/BlkCache/cbMax               5242880 bytes
00:00:12.085200 /PDM/CritSects/8237A#0Auto/ContentionR3        0 times
00:00:12.085206 /PDM/CritSects/8237A#0Auto/ContentionRZLock        0 times
00:00:12.085211 /PDM/CritSects/8237A#0Auto/ContentionRZUnlock        0 times
00:00:12.085217 /PDM/CritSects/AC'97/ContentionR3        0 times
00:00:12.085222 /PDM/CritSects/AC'97/ContentionRZLock        0 times
00:00:12.085227 /PDM/CritSects/AC'97/ContentionRZUnlock        0 times
00:00:12.085233 /PDM/CritSects/ATA#0-Ctl/ContentionR3        0 times
00:00:12.085240 /PDM/CritSects/ATA#0-Ctl/ContentionRZLock        0 times
00:00:12.085246 /PDM/CritSects/ATA#0-Ctl/ContentionRZUnlock        0 times
00:00:12.085251 /PDM/CritSects/ATA#0-Req/ContentionR3        0 times
00:00:12.085257 /PDM/CritSects/ATA#0-Req/ContentionRZLock        0 times
00:00:12.085262 /PDM/CritSects/ATA#0-Req/ContentionRZUnlock        0 times
00:00:12.085269 /PDM/CritSects/ATA#1-Ctl/ContentionR3        0 times
00:00:12.085278 /PDM/CritSects/ATA#1-Ctl/ContentionRZLock        1 times
00:00:12.085283 /PDM/CritSects/ATA#1-Ctl/ContentionRZUnlock        0 times
00:00:12.085287 /PDM/CritSects/ATA#1-Req/ContentionR3        0 times
00:00:12.085292 /PDM/CritSects/ATA#1-Req/ContentionRZLock        0 times
00:00:12.085297 /PDM/CritSects/ATA#1-Req/ContentionRZUnlock        0 times
00:00:12.085301 /PDM/CritSects/EHCI#0Irq/ContentionR3        0 times
00:00:12.085306 /PDM/CritSects/EHCI#0Irq/ContentionRZLock        0 times
00:00:12.085310 /PDM/CritSects/EHCI#0Irq/ContentionRZUnlock        0 times
00:00:12.085315 /PDM/CritSects/EM-REM/ContentionR3        0 times
00:00:12.085319 /PDM/CritSects/EM-REM/ContentionRZLock        0 times
00:00:12.085325 /PDM/CritSects/EM-REM/ContentionRZUnlock        0 times
00:00:12.085330 /PDM/CritSects/FTM/ContentionR3         0 times
00:00:12.085335 /PDM/CritSects/FTM/ContentionRZLock        0 times
00:00:12.085340 /PDM/CritSects/FTM/ContentionRZUnlock        0 times
00:00:12.085346 /PDM/CritSects/MM-HYPER/ContentionR3        0 times
00:00:12.085350 /PDM/CritSects/MM-HYPER/ContentionRZLock        0 times
00:00:12.085355 /PDM/CritSects/MM-HYPER/ContentionRZUnlock        0 times
00:00:12.085361 /PDM/CritSects/NOP/ContentionR3         0 times
00:00:12.085366 /PDM/CritSects/NOP/ContentionRZLock        0 times
00:00:12.085370 /PDM/CritSects/NOP/ContentionRZUnlock        0 times
00:00:12.085375 /PDM/CritSects/OHCI#0Irq/ContentionR3        0 times
00:00:12.085381 /PDM/CritSects/OHCI#0Irq/ContentionRZLock        0 times
00:00:12.085385 /PDM/CritSects/OHCI#0Irq/ContentionRZUnlock        0 times
00:00:12.085390 /PDM/CritSects/PCNet#0/ContentionR3        0 times
00:00:12.085395 /PDM/CritSects/PCNet#0/ContentionRZLock        0 times
00:00:12.085399 /PDM/CritSects/PCNet#0/ContentionRZUnlock        0 times
00:00:12.085405 /PDM/CritSects/PDM/ContentionR3         0 times
00:00:12.085410 /PDM/CritSects/PDM/ContentionRZLock        0 times
00:00:12.085416 /PDM/CritSects/PDM/ContentionRZUnlock        0 times
00:00:12.085421 /PDM/CritSects/PGM/ContentionR3         0 times
00:00:12.085427 /PDM/CritSects/PGM/ContentionRZLock        0 times
00:00:12.085433 /PDM/CritSects/PGM/ContentionRZUnlock        0 times
00:00:12.085439 /PDM/CritSects/REM-Register/ContentionR3        0 times
00:00:12.085443 /PDM/CritSects/REM-Register/ContentionRZLock        0 times
00:00:12.085450 /PDM/CritSects/REM-Register/ContentionRZUnlock        0 times
00:00:12.085461 /PDM/CritSects/TM Timer Lock/ContentionR3        0 times
00:00:12.085467 /PDM/CritSects/TM Timer Lock/ContentionRZLock        0 times
00:00:12.085474 /PDM/CritSects/TM Timer Lock/ContentionRZUnlock        0 times
00:00:12.085480 /PDM/CritSects/TM VirtualSync Lock/ContentionR3        0 times
00:00:12.085540 /PDM/CritSects/TM VirtualSync Lock/ContentionRZLock        0 times
00:00:12.085554 /PDM/CritSects/TM VirtualSync Lock/ContentionRZUnlock        0 times
00:00:12.085560 /PDM/CritSects/VGA#0/ContentionR3        0 times
00:00:12.085567 /PDM/CritSects/VGA#0/ContentionRZLock        0 times
00:00:12.085572 /PDM/CritSects/VGA#0/ContentionRZUnlock        0 times
00:00:12.085577 /PDM/CritSects/VGA#0_IRQ/ContentionR3        0 times
00:00:12.085582 /PDM/CritSects/VGA#0_IRQ/ContentionRZLock        0 times
00:00:12.085586 /PDM/CritSects/VGA#0_IRQ/ContentionRZUnlock        0 times
00:00:12.085591 /PDM/CritSects/VMMDev#0/ContentionR3        0 times
00:00:12.085596 /PDM/CritSects/VMMDev#0/ContentionRZLock        0 times
00:00:12.085601 /PDM/CritSects/VMMDev#0/ContentionRZUnlock        0 times
00:00:12.085606 /PDM/CritSects/acpi#0/ContentionR3        0 times
00:00:12.085611 /PDM/CritSects/acpi#0/ContentionRZLock        0 times
00:00:12.085615 /PDM/CritSects/acpi#0/ContentionRZUnlock        0 times
00:00:12.085620 /PDM/CritSects/i82078#0Auto/ContentionR3        0 times
00:00:12.085625 /PDM/CritSects/i82078#0Auto/ContentionRZLock        0 times
00:00:12.085630 /PDM/CritSects/i82078#0Auto/ContentionRZUnlock        0 times
00:00:12.085635 /PDM/CritSects/mc146818#0Auto/ContentionR3        0 times
00:00:12.085640 /PDM/CritSects/mc146818#0Auto/ContentionRZLock        0 times
00:00:12.085645 /PDM/CritSects/mc146818#0Auto/ContentionRZUnlock        0 times
00:00:12.085651 /PDM/CritSects/pcarch#0Auto/ContentionR3        0 times
00:00:12.085655 /PDM/CritSects/pcarch#0Auto/ContentionRZLock        0 times
00:00:12.085660 /PDM/CritSects/pcarch#0Auto/ContentionRZUnlock        0 times
00:00:12.085665 /PDM/CritSects/pcbios#0Auto/ContentionR3        0 times
00:00:12.085670 /PDM/CritSects/pcbios#0Auto/ContentionRZLock        0 times
00:00:12.085674 /PDM/CritSects/pcbios#0Auto/ContentionRZUnlock        0 times
00:00:12.085680 /PDM/CritSects/pckbd#0Auto/ContentionR3        0 times
00:00:12.085685 /PDM/CritSects/pckbd#0Auto/ContentionRZLock        0 times
00:00:12.085690 /PDM/CritSects/pckbd#0Auto/ContentionRZUnlock        0 times
00:00:12.085695 /PDM/CritSects/pit#0/ContentionR3        0 times
00:00:12.085701 /PDM/CritSects/pit#0/ContentionRZLock        0 times
00:00:12.085707 /PDM/CritSects/pit#0/ContentionRZUnlock        0 times
00:00:12.085712 /PDM/CritSects/usb-ehci#0Auto/ContentionR3        0 times
00:00:12.085717 /PDM/CritSects/usb-ehci#0Auto/ContentionRZLock        0 times
00:00:12.085722 /PDM/CritSects/usb-ehci#0Auto/ContentionRZUnlock        0 times
00:00:12.085727 /PDM/CritSects/usb-ohci#0Auto/ContentionR3        0 times
00:00:12.085732 /PDM/CritSects/usb-ohci#0Auto/ContentionRZLock        0 times
00:00:12.085737 /PDM/CritSects/usb-ohci#0Auto/ContentionRZUnlock        0 times
00:00:12.085741 /PDM/CritSectsRw/IOM Lock/ContentionR3EnterExcl        0 times
00:00:12.085746 /PDM/CritSectsRw/IOM Lock/ContentionR3EnterShared        0 times
00:00:12.085751 /PDM/CritSectsRw/IOM Lock/ContentionRZEnterExcl        0 times
00:00:12.085756 /PDM/CritSectsRw/IOM Lock/ContentionRZEnterShared        0 times
00:00:12.085761 /PDM/CritSectsRw/IOM Lock/ContentionRZLeaveExcl        0 times
00:00:12.085766 /PDM/CritSectsRw/IOM Lock/ContentionRZLeaveShared        0 times
00:00:12.085770 /PDM/CritSectsRw/IOM Lock/R3EnterExcl      203 times
00:00:12.085775 /PDM/CritSectsRw/IOM Lock/R3EnterShared    13337 times
00:00:12.085780 /PDM/CritSectsRw/IOM Lock/RZEnterExcl        0 times
00:00:12.085785 /PDM/CritSectsRw/IOM Lock/RZEnterShared    93346 times
00:00:12.085789 /PDM/Queue/DevHlp/AllocFailures         0 times
00:00:12.085793 /PDM/Queue/DevHlp/Flush                 0 calls
00:00:12.085799 /PDM/Queue/DevHlp/FlushLeftovers        0 times
00:00:12.085803 /PDM/Queue/DevHlp/Insert                0 calls
00:00:12.085809 /PDM/Queue/DevHlp/cItems                8 count
00:00:12.085814 /PDM/Queue/DevHlp/cbItem               64 bytes
00:00:12.085820 /PDM/Queue/Keyboard/AllocFailures        0 times
00:00:12.085829 /PDM/Queue/Keyboard/Flush               0 calls
00:00:12.085836 /PDM/Queue/Keyboard/FlushLeftovers        0 times
00:00:12.085840 /PDM/Queue/Keyboard/Insert              0 calls
00:00:12.085845 /PDM/Queue/Keyboard/cItems             64 count
00:00:12.085850 /PDM/Queue/Keyboard/cbItem             32 bytes
00:00:12.085855 /PDM/Queue/Mouse/AllocFailures          0 times
00:00:12.085860 /PDM/Queue/Mouse/Flush                  0 calls
00:00:12.085865 /PDM/Queue/Mouse/FlushLeftovers         0 times
00:00:12.085870 /PDM/Queue/Mouse/Insert                 0 calls
00:00:12.085874 /PDM/Queue/Mouse/cItems               128 count
00:00:12.085880 /PDM/Queue/Mouse/cbItem                48 bytes
00:00:12.085886 /PDM/Queue/PCNet-Rcv/AllocFailures        0 times
00:00:12.085890 /PDM/Queue/PCNet-Rcv/Flush              0 calls
00:00:12.085895 /PDM/Queue/PCNet-Rcv/FlushLeftovers        0 times
00:00:12.085899 /PDM/Queue/PCNet-Rcv/Insert             0 calls
00:00:12.085904 /PDM/Queue/PCNet-Rcv/cItems             1 count
00:00:12.085909 /PDM/Queue/PCNet-Rcv/cbItem            24 bytes
00:00:12.085914 /PDM/Queue/PCNet-Xmit/AllocFailures        0 times
00:00:12.085919 /PDM/Queue/PCNet-Xmit/Flush             0 calls
00:00:12.085923 /PDM/Queue/PCNet-Xmit/FlushLeftovers        0 times
00:00:12.085929 /PDM/Queue/PCNet-Xmit/Insert            0 calls
00:00:12.085934 /PDM/Queue/PCNet-Xmit/cItems            1 count
00:00:12.085939 /PDM/Queue/PCNet-Xmit/cbItem           24 bytes
00:00:12.085944 /PGM/CPU0/cA20Changes                   2 times
00:00:12.085949 /PGM/CPU0/cGuestModeChanges             6 times
00:00:12.085953 /PGM/ChunkR3Map/Mapped                  3 count
00:00:12.085958 /PGM/ChunkR3Map/Unmapped                0 count
00:00:12.085963 /PGM/ChunkR3Map/c                       3 count
00:00:12.085968 /PGM/ChunkR3Map/cMax             4294967295 count
00:00:12.085975 /PGM/LargePage/Recheck                  0 times
00:00:12.085979 /PGM/LargePage/Refused                  1 times
00:00:12.085982 /PGM/LargePage/Reused                   0 times
00:00:12.085987 /PGM/Page/cAllPages                133926 count
00:00:12.085991 /PGM/Page/cBalloonedPages               0 count
00:00:12.085994 /PGM/Page/cHandyPages                  57 count
00:00:12.085997 /PGM/Page/cLargePages                   1 count
00:00:12.086000 /PGM/Page/cLargePagesDisabled           0 count
00:00:12.086003 /PGM/Page/cMonitoredPages               0 count
00:00:12.086005 /PGM/Page/cPrivatePages              3820 count
00:00:12.086008 /PGM/Page/cPureMmioPages                4 count
00:00:12.086011 /PGM/Page/cReadLockedPages              0 count
00:00:12.086014 /PGM/Page/cReusedSharedPages            0 count
00:00:12.086017 /PGM/Page/cSharedPages                  0 count
00:00:12.086020 /PGM/Page/cWriteLockedPages             0 count
00:00:12.086023 /PGM/Page/cWrittenToPages               0 count
00:00:12.086026 /PGM/Page/cZeroPages               130102 count
00:00:12.086029 /PGM/ShMod/Check                        0 ticks/call (           0 ticks,       0 times, max         0, min      -1)
00:00:12.086033 /PGM/cRelocations                       0 times
00:00:12.086036 /PROF/CPU0/EM/Capped                    0 ticks/call (           0 ticks,       0 times, max         0, min      -1)
00:00:12.086040 /PROF/CPU0/EM/ForcedActions           565 times
00:00:12.086043 /PROF/CPU0/EM/Halted                  171 times
00:00:12.086046 /PROF/CPU0/EM/RAWTotal                  0 times
00:00:12.086049 /PROF/CPU0/EM/REMTotal                  0 times
00:00:12.086052 /PROF/CPU0/EM/Total              22686594681 ticks/call ( 22686594681 ticks,       1 times, max 22686594681, min 22686594681)
00:00:12.086058 /PROF/CPU0/VM/Halt/Block          1463157 ns/call (  8512647843 ticks,    5818 times, max  30964689, min     723)
00:00:12.086062 /PROF/CPU0/VM/Halt/BlockInsomnia        0 ns/call (           0 ticks,       0 times, max         0, min      -1)
00:00:12.086066 /PROF/CPU0/VM/Halt/BlockOnTime          0 ns/call (           0 ticks,       0 times, max         0, min      -1)
00:00:12.086071 /PROF/CPU0/VM/Halt/BlockOverslept        0 ns/call (           0 ticks,       0 times, max         0, min      -1)
00:00:12.086076 /PROF/CPU0/VM/Halt/Timers            1933 ns/call (    17354864 ticks,    8977 times, max    581648, min       2)
00:00:12.086080 /PROF/CPU0/VM/Halt/Yield                0 ns/call (           0 ticks,       0 times, max         0, min      -1)
00:00:12.086084 /Public/Net/PCNet0/BytesReceived        0 bytes
00:00:12.086087 /Public/Net/PCNet0/BytesTransmitted        0 bytes
00:00:12.086090 /REM/TbFlushCount                       0 times
00:00:12.086094 /REM/TbPhysInvldCount                   0 times
00:00:12.086097 /REM/TlbFlushCount                      1 times
00:00:12.086100 /SELM/LoadHidSel/GstReadErrors          0 times
00:00:12.086103 /SELM/LoadHidSel/NoGoodGuest            0 times
00:00:12.086106 /TM/CPU/00/cNsExecuting          20665510 ns
00:00:12.086109 /TM/CPU/00/cNsHalted             8532416949 ns
00:00:12.086113 /TM/CPU/00/cNsOther              192333441 ns
00:00:12.086116 /TM/CPU/00/cNsTotal              8745415900 ns
00:00:12.086119 /TM/CPU/00/cPeriodsExecuting        20013 count
00:00:12.086122 /TM/CPU/00/cPeriodsHalted             171 count
00:00:12.086125 /TM/CPU/00/pctExecuting                 0 %
00:00:12.086128 /TM/CPU/00/pctHalted                   99 %
00:00:12.086131 /TM/CPU/00/pctOther                     0 %
00:00:12.086134 /TM/CPU/pctExecuting                    0 %
00:00:12.086137 /TM/CPU/pctHalted                      99 %
00:00:12.086140 /TM/CPU/pctOther                        0 %
00:00:12.086143 /TM/MaxHzHint                           0 Hz
00:00:12.086146 /TM/R3/1nsSteps                         2 times
00:00:12.086149 /TM/TSC/offCPU0                         0 ticks
00:00:12.086152 /TM/VirtualSync/CurrentOffset      412879 ns
00:00:12.086156 /VUSB/0/cUrbsInPool                     0 count
00:00:12.086159 /VUSB/1/cUrbsInPool                     0 count
00:00:12.086163 ********************* End of statistics **********************
00:00:12.087520 NAT: Zone(nm:mbuf_cluster, used:0)
00:00:12.088173 NAT: Zone(nm:mbuf_packet, used:0)
00:00:12.088199 NAT: Zone(nm:mbuf, used:0)
00:00:12.088488 NAT: Zone(nm:mbuf_jumbo_pagesize, used:0)
00:00:12.089038 NAT: Zone(nm:mbuf_jumbo_9k, used:0)
00:00:12.089345 NAT: Zone(nm:mbuf_jumbo_16k, used:0)
00:00:12.089525 NAT: Zone(nm:mbuf_ext_refcnt, used:0)
00:00:12.090357 GUI: UIMachineView::sltHandleNotifyChange: Screen=0, Size=640x400
00:00:12.091563 Changing the VM state from 'DESTROYING' to 'TERMINATED'
00:00:12.092683 Console: Machine state changed to 'PoweredOff'
00:00:12.673937 GUI: Passing request to close Runtime UI from machine-logic to UI session.
